#
# A fatal error has been detected by the Java Runtime Environment:
#
#  SIGSEGV (0xb) at pc=0x00007f442b89d669, pid=8068, tid=139930371991296
#
# JRE version: 6.0_23-b23
# Java VM: OpenJDK 64-Bit Server VM (20.0-b11 mixed mode linux-amd64 compressed oops)
# Derivative: IcedTea6 1.11pre
# Distribution: Ubuntu 11.10, package 6b23~pre11-0ubuntu1.11.10.2
# Problematic frame:
# C  [libGL.so.1+0x2f3669]  glReadPixels+0x9
#
# If you would like to submit a bug report, please include
# instructions how to reproduce the bug and visit:
#   https://bugs.launchpad.net/ubuntu/+source/openjdk-6/
# The crash happened outside the Java Virtual Machine in native code.
# See problematic frame for where to report the bug.
#

---------------  T H R E A D  ---------------

Current thread (0x00007f441001b800):  JavaThread "AWT-EventQueue-0" [_thread_in_native, id=8095, stack(0x00007f44140da000,0x00007f44141db000)]

siginfo:si_signo=SIGSEGV: si_errno=0, si_code=1 (SEGV_MAPERR), si_addr=0x0000000000000688

Registers:
RAX=0x0000000000000000, RBX=0x00000000000002bc, RCX=0x0000000000000244, RDX=0x00000000000002bc
RSP=0x00007f44141d7678, RBP=0x0000000000000244, RSI=0x0000000000000000, RDI=0x0000000000000000
R8 =0x0000000000001908, R9 =0x0000000000001401, R10=0x00007f44141d7490, R11=0x00007f442c2a1c40
R12=0x0000000000001401, R13=0x0000000000001908, R14=0x00007f442c538860, R15=0x0000000000000000
RIP=0x00007f442b89d669, EFLAGS=0x0000000000010206, CSGSFS=0x0000000000000033, ERR=0x0000000000000004
  TRAPNO=0x000000000000000e

Top of Stack: (sp=0x00007f44141d7678)
0x00007f44141d7678:   00007f442c2a1c9a 00000000016e5000
0x00007f44141d7688:   00000000bb1faed8 00007f4400000000
0x00007f44141d7698:   0000000000000000 00000000bb1faed8
0x00007f44141d76a8:   00007f442c792755 00000000016e5000
0x00007f44141d76b8:   0000000000000244 00000000000002bc
0x00007f44141d76c8:   00000000bb1faed8 00007f44141d7740
0x00007f44141d76d8:   0000000000000000 00000000bb1faed8
0x00007f44141d76e8:   00007f44141d7840 00007f441001b800
0x00007f44141d76f8:   00007f440eb71ae0 00000000016e5000
0x00007f44141d7708:   00007f4422d07a83 000002bc00000244
0x00007f44141d7718:   0000000000000000 00007f44141d7840
0x00007f44141d7728:   00007f441001b9d0 00007f44141d77e0
0x00007f44141d7738:   00000000016e5000 00007f44141d77e0
0x00007f44141d7748:   00007f4422cfcd68 00007f4400001908
0x00007f44141d7758:   00007f4400001401 00007f44141d7808
0x00007f44141d7768:   0000000000000000 0000000000b721d8
0x00007f44141d7778:   0000000000b721d8 00000000fffffffe
0x00007f44141d7788:   0000000000000000 00007f44141d77b8
0x00007f44141d7798:   00007f44141d7798 00007f44141d77a0
0x00007f44141d77a8:   00000000bb1faed8 00007f44141d7840
0x00007f44141d77b8:   00000000bb28d1d0 0000000000000000
0x00007f44141d77c8:   00000000bb1faed8 0000000000000000
0x00007f44141d77d8:   00007f44141d7800 00007f44141d7888
0x00007f44141d77e8:   00007f4422cf185a 0000000000000000
0x00007f44141d77f8:   00007f4422cf9f58 0000000000000000
0x00007f44141d7808:   00000000eda85b88 0000000000001401
0x00007f44141d7818:   0000000000001908 0000000000000244
0x00007f44141d7828:   00000000000002bc 0000000000000000
0x00007f44141d7838:   0000000000000000 00000000c4b184e8
0x00007f44141d7848:   00007f44141d7848 00000000bb1fadea
0x00007f44141d7858:   00007f44141d78d8 00000000bb28d1d0
0x00007f44141d7868:   0000000000000000 00000000bb1fae18 

Instructions: (pc=0x00007f442b89d669)
0x00007f442b89d649:   ff a0 80 06 00 00 cc cc cc cc cc cc cc cc cc cc
0x00007f442b89d659:   cc cc cc cc cc cc cc 64 48 8b 04 25 50 ff ff ff
0x00007f442b89d669:   ff a0 88 06 00 00 cc cc cc cc cc cc cc cc cc cc
0x00007f442b89d679:   cc cc cc cc cc cc cc 64 48 8b 04 25 50 ff ff ff 

Register to memory mapping:

RAX=0x0000000000000000 is an unknown value
RBX=0x00000000000002bc is an unknown value
RCX=0x0000000000000244 is an unknown value
RDX=0x00000000000002bc is an unknown value
RSP=0x00007f44141d7678 is pointing into the stack for thread: 0x00007f441001b800
RBP=0x0000000000000244 is an unknown value
RSI=0x0000000000000000 is an unknown value
RDI=0x0000000000000000 is an unknown value
R8 =0x0000000000001908 is an unknown value
R9 =0x0000000000001401 is an unknown value
R10=0x00007f44141d7490 is pointing into the stack for thread: 0x00007f441001b800
R11=0x00007f442c2a1c40: glReadPixels+0 in /usr/lib/x86_64-linux-gnu/librrfaker.so at 0x00007f442c289000
R12=0x0000000000001401 is an unknown value
R13=0x0000000000001908 is an unknown value
R14=0x00007f442c538860: <offset 0x2af860> in /usr/lib/x86_64-linux-gnu/librrfaker.so at 0x00007f442c289000
R15=0x0000000000000000 is an unknown value


Stack: [0x00007f44140da000,0x00007f44141db000],  sp=0x00007f44141d7678,  free space=1013k
Native frames: (J=compiled Java code, j=interpreted, Vv=VM code, C=native code)
C  [libGL.so.1+0x2f3669]  glReadPixels+0x9

Java frames: (J=compiled Java code, j=interpreted, Vv=VM code)
j  com.sun.opengl.impl.GLImpl.glReadPixels0(IIIIIILjava/lang/Object;I)V+0
j  com.sun.opengl.impl.GLImpl.glReadPixels(IIIIIILjava/nio/Buffer;)V+50
j  processing.opengl.PGraphicsOpenGL.loadPixels()V+75
j  processing.core.PImage.save(Ljava/lang/String;)V+29
j  processing.core.PApplet.save(Ljava/lang/String;)V+9
j  be.kuleuven.socialmap.ui.MainWindow$3.actionPerformed(Ljava/awt/event/ActionEvent;)V+64
j  javax.swing.AbstractButton.fireActionPerformed(Ljava/awt/event/ActionEvent;)V+84
j  javax.swing.AbstractButton$Handler.actionPerformed(Ljava/awt/event/ActionEvent;)V+5
j  javax.swing.DefaultButtonModel.fireActionPerformed(Ljava/awt/event/ActionEvent;)V+35
j  javax.swing.DefaultButtonModel.setPressed(Z)V+117
j  javax.swing.AbstractButton.doClick(I)V+64
j  javax.swing.plaf.basic.BasicMenuItemUI.doClick(Ljavax/swing/MenuSelectionManager;)V+53
j  javax.swing.plaf.basic.BasicMenuItemUI$Handler.mouseReleased(Ljava/awt/event/MouseEvent;)V+76
j  java.awt.Component.processMouseEvent(Ljava/awt/event/MouseEvent;)V+64
j  javax.swing.JComponent.processMouseEvent(Ljava/awt/event/MouseEvent;)V+23
j  java.awt.Component.processEvent(Ljava/awt/AWTEvent;)V+81
j  java.awt.Container.processEvent(Ljava/awt/AWTEvent;)V+18
j  java.awt.Component.dispatchEventImpl(Ljava/awt/AWTEvent;)V+589
j  java.awt.Container.dispatchEventImpl(Ljava/awt/AWTEvent;)V+42
j  java.awt.Component.dispatchEvent(Ljava/awt/AWTEvent;)V+2
j  java.awt.LightweightDispatcher.retargetMouseEvent(Ljava/awt/Component;ILjava/awt/event/MouseEvent;)V+320
j  java.awt.LightweightDispatcher.processMouseEvent(Ljava/awt/event/MouseEvent;)Z+139
j  java.awt.LightweightDispatcher.dispatchEvent(Ljava/awt/AWTEvent;)Z+50
j  java.awt.Container.dispatchEventImpl(Ljava/awt/AWTEvent;)V+12
j  java.awt.Window.dispatchEventImpl(Ljava/awt/AWTEvent;)V+19
j  java.awt.Component.dispatchEvent(Ljava/awt/AWTEvent;)V+2
j  java.awt.EventQueue.dispatchEventImpl(Ljava/awt/AWTEvent;Ljava/lang/Object;)V+41
j  java.awt.EventQueue.access$000(Ljava/awt/EventQueue;Ljava/awt/AWTEvent;Ljava/lang/Object;)V+3
j  java.awt.EventQueue$1.run()Ljava/lang/Void;+12
j  java.awt.EventQueue$1.run()Ljava/lang/Object;+1
v  ~StubRoutines::call_stub
j  java.security.AccessController.doPrivileged(Ljava/security/PrivilegedAction;Ljava/security/AccessControlContext;)Ljava/lang/Object;+0
j  java.security.AccessControlContext$1.doIntersectionPrivilege(Ljava/security/PrivilegedAction;Ljava/security/AccessControlContext;Ljava/security/AccessControlContext;)Ljava/lang/Object;+28
j  java.security.AccessControlContext$1.doIntersectionPrivilege(Ljava/security/PrivilegedAction;Ljava/security/AccessControlContext;)Ljava/lang/Object;+6
j  java.awt.EventQueue$2.run()Ljava/lang/Void;+11
j  java.awt.EventQueue$2.run()Ljava/lang/Object;+1
v  ~StubRoutines::call_stub
j  java.security.AccessController.doPrivileged(Ljava/security/PrivilegedAction;Ljava/security/AccessControlContext;)Ljava/lang/Object;+0
j  java.security.AccessControlContext$1.doIntersectionPrivilege(Ljava/security/PrivilegedAction;Ljava/security/AccessControlContext;Ljava/security/AccessControlContext;)Ljava/lang/Object;+28
j  java.awt.EventQueue.dispatchEvent(Ljava/awt/AWTEvent;)V+73
j  java.awt.EventDispatchThread.pumpOneEventForFilters(I)Z+192
j  java.awt.EventDispatchThread.pumpEventsForFilter(ILjava/awt/Conditional;Ljava/awt/EventFilter;)V+30
j  java.awt.EventDispatchThread.pumpEventsForHierarchy(ILjava/awt/Conditional;Ljava/awt/Component;)V+11
j  java.awt.EventDispatchThread.pumpEvents(ILjava/awt/Conditional;)V+4
j  java.awt.EventDispatchThread.pumpEvents(Ljava/awt/Conditional;)V+3
j  java.awt.EventDispatchThread.run()V+9
v  ~StubRoutines::call_stub

---------------  P R O C E S S  ---------------

Java Threads: ( => current thread )
  0x0000000000edb000 JavaThread "TimerQueue" daemon [_thread_blocked, id=8104, stack(0x00007f440c801000,0x00007f440c902000)]
  0x00007f44102c9000 JavaThread "MongoCleaner1928881406" daemon [_thread_blocked, id=8097, stack(0x00007f440dae1000,0x00007f440dbe2000)]
  0x00007f441c3e0800 JavaThread "DestroyJavaVM" [_thread_blocked, id=8072, stack(0x00007f442c845000,0x00007f442c946000)]
=>0x00007f441001b800 JavaThread "AWT-EventQueue-0" [_thread_in_native, id=8095, stack(0x00007f44140da000,0x00007f44141db000)]
  0x00007f441001a800 JavaThread "AWT-Shutdown" [_thread_blocked, id=8094, stack(0x00007f441b6c1000,0x00007f441b7c2000)]
  0x0000000000f7e800 JavaThread "Animation Thread" [_thread_blocked, id=8093, stack(0x00007f441b5c0000,0x00007f441b6c1000)]
  0x0000000000c63800 JavaThread "AWT-XAWT" daemon [_thread_in_native, id=8086, stack(0x00007f441b7c2000,0x00007f441b8c3000)]
  0x00007f441c08e800 JavaThread "Java2D Disposer" daemon [_thread_blocked, id=8085, stack(0x00007f4420057000,0x00007f4420158000)]
  0x00007f441c003800 JavaThread "Low Memory Detector" daemon [_thread_blocked, id=8083, stack(0x00007f4421004000,0x00007f4421105000)]
  0x00007f441c001000 JavaThread "C2 CompilerThread1" daemon [_thread_blocked, id=8082, stack(0x00007f4421105000,0x00007f4421206000)]
  0x0000000000aff800 JavaThread "C2 CompilerThread0" daemon [_thread_blocked, id=8081, stack(0x00007f4421206000,0x00007f4421307000)]
  0x0000000000af1800 JavaThread "Signal Dispatcher" daemon [_thread_blocked, id=8080, stack(0x00007f4421307000,0x00007f4421408000)]
  0x0000000000adf000 JavaThread "Finalizer" daemon [_thread_blocked, id=8079, stack(0x00007f4421aef000,0x00007f4421bf0000)]
  0x0000000000ad7800 JavaThread "Reference Handler" daemon [_thread_blocked, id=8078, stack(0x00007f4421bf0000,0x00007f4421cf1000)]

Other Threads:
  0x0000000000ad0800 VMThread [stack: 0x00007f4421cf1000,0x00007f4421df2000] [id=8077]
  0x00007f441c006800 WatcherThread [stack: 0x00007f4420f03000,0x00007f4421004000] [id=8084]

VM state:not at safepoint (normal execution)

VM Mutex/Monitor currently owned by a thread: None

Heap
 PSYoungGen      total 154944K, used 26290K [0x00000000ec2b0000, 0x00000000fd440000, 0x0000000100000000)
  eden space 46656K, 56% used [0x00000000ec2b0000,0x00000000edc5c8f0,0x00000000ef040000)
  from space 108288K, 0% used [0x00000000ef040000,0x00000000ef040000,0x00000000f5a00000)
  to   space 108288K, 0% used [0x00000000f6a80000,0x00000000f6a80000,0x00000000fd440000)
 PSOldGen        total 207104K, used 122459K [0x00000000c4800000, 0x00000000d1240000, 0x00000000ec2b0000)
  object space 207104K, 59% used [0x00000000c4800000,0x00000000cbf96d98,0x00000000d1240000)
 PSPermGen       total 43136K, used 24994K [0x00000000ba200000, 0x00000000bcc20000, 0x00000000c4800000)
  object space 43136K, 57% used [0x00000000ba200000,0x00000000bba68af0,0x00000000bcc20000)

Code Cache  [0x00007f4422cec000, 0x00007f4422f5c000, 0x00007f4425cec000)
 total_blobs=1055 nmethods=276 adapters=733 free_code_cache=49075520 largest_free_block=28352

Dynamic libraries:
00400000-00409000 r-xp 00000000 08:05 1448167                            /usr/lib/jvm/java-6-openjdk/jre/bin/java
00608000-00609000 r--p 00008000 08:05 1448167                            /usr/lib/jvm/java-6-openjdk/jre/bin/java
00609000-0060a000 rw-p 00009000 08:05 1448167                            /usr/lib/jvm/java-6-openjdk/jre/bin/java
00a5e000-01c93000 rw-p 00000000 00:00 0                                  [heap]
4144a000-414c5000 rw-p 00000000 00:00 0 
415f7000-415f9000 r-xs 00000000 08:05 2238126                            /tmp/glpfo54w (deleted)
ba200000-bcc20000 rw-p 00000000 00:00 0 
bcc20000-bcfe0000 ---p 00000000 00:00 0 
bcfe0000-c4800000 rw-p 00000000 00:00 0 
c4800000-d1240000 rw-p 00000000 00:00 0 
d1240000-ec2b0000 rw-p 00000000 00:00 0 
ec2b0000-fd440000 rw-p 00000000 00:00 0 
fd440000-100000000 rw-p 00000000 00:00 0 
7f440af8d000-7f440afaa000 rw-s 00000000 00:04 99680307                   /SYSV00000000 (deleted)
7f440afaa000-7f440afad000 rw-s 00000000 00:04 99549228                   /SYSV00000000 (deleted)
7f440afad000-7f440afca000 rw-s 00000000 00:04 99516459                   /SYSV00000000 (deleted)
7f440afca000-7f440afe5000 rw-s 00000000 00:04 99483690                   /SYSV00000000 (deleted)
7f440afe5000-7f440aff1000 rw-s 00000000 00:04 99450921                   /SYSV00000000 (deleted)
7f440aff1000-7f440aff9000 rw-s 00000000 00:04 99418151                   /SYSV00000000 (deleted)
7f440aff9000-7f440b0aa000 rw-s 00000000 00:04 99385382                   /SYSV00000000 (deleted)
7f440b0aa000-7f440b1fb000 r-xp 00000000 08:05 1442261                    /usr/lib/libxml2.so.2.7.8
7f440b1fb000-7f440b3fa000 ---p 00151000 08:05 1442261                    /usr/lib/libxml2.so.2.7.8
7f440b3fa000-7f440b402000 r--p 00150000 08:05 1442261                    /usr/lib/libxml2.so.2.7.8
7f440b402000-7f440b404000 rw-p 00158000 08:05 1442261                    /usr/lib/libxml2.so.2.7.8
7f440b404000-7f440b405000 rw-p 00000000 00:00 0 
7f440b405000-7f440b43b000 r-xp 00000000 08:05 1444672                    /usr/lib/libcroco-0.6.so.3.0.1
7f440b43b000-7f440b63a000 ---p 00036000 08:05 1444672                    /usr/lib/libcroco-0.6.so.3.0.1
7f440b63a000-7f440b63b000 r--p 00035000 08:05 1444672                    /usr/lib/libcroco-0.6.so.3.0.1
7f440b63b000-7f440b63e000 rw-p 00036000 08:05 1444672                    /usr/lib/libcroco-0.6.so.3.0.1
7f440b63e000-7f440b672000 r-xp 00000000 08:05 1449763                    /usr/lib/x86_64-linux-gnu/librsvg-2.so.2.34.1
7f440b672000-7f440b872000 ---p 00034000 08:05 1449763                    /usr/lib/x86_64-linux-gnu/librsvg-2.so.2.34.1
7f440b872000-7f440b873000 r--p 00034000 08:05 1449763                    /usr/lib/x86_64-linux-gnu/librsvg-2.so.2.34.1
7f440b873000-7f440b874000 rw-p 00035000 08:05 1449763                    /usr/lib/x86_64-linux-gnu/librsvg-2.so.2.34.1
7f440b887000-7f440b889000 r-xp 00000000 08:05 1836745                    /usr/lib/x86_64-linux-gnu/gdk-pixbuf-2.0/2.10.0/loaders/libpixbufloader-svg.so
7f440b889000-7f440ba88000 ---p 00002000 08:05 1836745                    /usr/lib/x86_64-linux-gnu/gdk-pixbuf-2.0/2.10.0/loaders/libpixbufloader-svg.so
7f440ba88000-7f440ba89000 r--p 00001000 08:05 1836745                    /usr/lib/x86_64-linux-gnu/gdk-pixbuf-2.0/2.10.0/loaders/libpixbufloader-svg.so
7f440ba89000-7f440ba8a000 rw-p 00002000 08:05 1836745                    /usr/lib/x86_64-linux-gnu/gdk-pixbuf-2.0/2.10.0/loaders/libpixbufloader-svg.so
7f440ba8a000-7f440c4fb000 r--p 00000000 08:05 2752935                    /usr/share/icons/hicolor/icon-theme.cache
7f440c4fb000-7f440c718000 r--p 00000000 08:05 2759515                    /usr/share/icons/gnome/icon-theme.cache
7f440c718000-7f440c801000 r--p 00000000 08:05 2764230                    /usr/share/icons/Humanity/icon-theme.cache
7f440c801000-7f440c804000 ---p 00000000 00:00 0 
7f440c804000-7f440c902000 rw-p 00000000 00:00 0 
7f440c902000-7f440c905000 ---p 00000000 00:00 0 
7f440c905000-7f440ca03000 rw-p 00000000 00:00 0 
7f440ca03000-7f440ca09000 rw-s 00000000 00:04 99352608                   /SYSV00000000 (deleted)
7f440ca09000-7f440ca1f000 rw-s 00000000 00:04 99319839                   /SYSV00000000 (deleted)
7f440ca1f000-7f440d053000 rw-p 00000000 00:00 0 
7f440d053000-7f440d153000 rw-s 2b70c000 00:05 37264                      /dev/nvidia0
7f440d153000-7f440d2e0000 rw-s 00000000 00:04 99287070                   /SYSV00000000 (deleted)
7f440d2e0000-7f440d2e1000 ---p 00000000 00:00 0 
7f440d2e1000-7f440dae1000 rw-p 00000000 00:00 0 
7f440dae1000-7f440dae4000 ---p 00000000 00:00 0 
7f440dae4000-7f440dbe2000 rw-p 00000000 00:00 0 
7f440dbe2000-7f440dbe8000 r-xp 00000000 08:05 1448217                    /usr/lib/jvm/java-6-openjdk/jre/lib/amd64/libmanagement.so
7f440dbe8000-7f440dde7000 ---p 00006000 08:05 1448217                    /usr/lib/jvm/java-6-openjdk/jre/lib/amd64/libmanagement.so
7f440dde7000-7f440dde8000 r--p 00005000 08:05 1448217                    /usr/lib/jvm/java-6-openjdk/jre/lib/amd64/libmanagement.so
7f440dde8000-7f440dde9000 rw-p 00006000 08:05 1448217                    /usr/lib/jvm/java-6-openjdk/jre/lib/amd64/libmanagement.so
7f440dde9000-7f440ddec000 ---p 00000000 00:00 0 
7f440ddec000-7f440deea000 rw-p 00000000 00:00 0 
7f440deea000-7f440e0ea000 rw-s 04995000 00:05 37264                      /dev/nvidia0
7f440e0ea000-7f440e2ea000 rw-s 2ba17000 00:05 37264                      /dev/nvidia0
7f440e2ea000-7f440e4ea000 rw-s 2c2ec000 00:05 37264                      /dev/nvidia0
7f440e4ea000-7f440e5ea000 rw-s af2d4000 00:05 37264                      /dev/nvidia0
7f440e5ea000-7f440e5ec000 r-xp 00000000 08:05 922276                     /home/jasper/Documents/processing-1.5.1/modes/java/libraries/opengl/library/linux64/libjogl_awt.so
7f440e5ec000-7f440e6eb000 ---p 00002000 08:05 922276                     /home/jasper/Documents/processing-1.5.1/modes/java/libraries/opengl/library/linux64/libjogl_awt.so
7f440e6eb000-7f440e6ec000 rw-p 00001000 08:05 922276                     /home/jasper/Documents/processing-1.5.1/modes/java/libraries/opengl/library/linux64/libjogl_awt.so
7f440e6ec000-7f440e6ed000 r-xp 00000000 08:05 1448210                    /usr/lib/jvm/java-6-openjdk/jre/lib/amd64/libjawt.so
7f440e6ed000-7f440e8ec000 ---p 00001000 08:05 1448210                    /usr/lib/jvm/java-6-openjdk/jre/lib/amd64/libjawt.so
7f440e8ec000-7f440e8ed000 r--p 00000000 08:05 1448210                    /usr/lib/jvm/java-6-openjdk/jre/lib/amd64/libjawt.so
7f440e8ed000-7f440e8ee000 rw-p 00001000 08:05 1448210                    /usr/lib/jvm/java-6-openjdk/jre/lib/amd64/libjawt.so
7f440e8ee000-7f440e8f3000 r-xp 00000000 08:05 1449552                    /usr/lib/x86_64-linux-gnu/libXxf86vm.so.1.0.0
7f440e8f3000-7f440eaf2000 ---p 00005000 08:05 1449552                    /usr/lib/x86_64-linux-gnu/libXxf86vm.so.1.0.0
7f440eaf2000-7f440eaf3000 r--p 00004000 08:05 1449552                    /usr/lib/x86_64-linux-gnu/libXxf86vm.so.1.0.0
7f440eaf3000-7f440eaf4000 rw-p 00005000 08:05 1449552                    /usr/lib/x86_64-linux-gnu/libXxf86vm.so.1.0.0
7f440eaf4000-7f440ebe3000 r-xp 00000000 08:05 922275                     /home/jasper/Documents/processing-1.5.1/modes/java/libraries/opengl/library/linux64/libjogl.so
7f440ebe3000-7f440ece3000 ---p 000ef000 08:05 922275                     /home/jasper/Documents/processing-1.5.1/modes/java/libraries/opengl/library/linux64/libjogl.so
7f440ece3000-7f440ece4000 rw-p 000ef000 08:05 922275                     /home/jasper/Documents/processing-1.5.1/modes/java/libraries/opengl/library/linux64/libjogl.so
7f440ece4000-7f440ece5000 r-xp 00000000 08:05 922095                     /home/jasper/Documents/processing-1.5.1/modes/java/libraries/opengl/library/linux64/libgluegen-rt.so
7f440ece5000-7f440ede4000 ---p 00001000 08:05 922095                     /home/jasper/Documents/processing-1.5.1/modes/java/libraries/opengl/library/linux64/libgluegen-rt.so
7f440ede4000-7f440ede5000 rw-p 00000000 08:05 922095                     /home/jasper/Documents/processing-1.5.1/modes/java/libraries/opengl/library/linux64/libgluegen-rt.so
7f440ede5000-7f440ede6000 ---p 00000000 00:00 0 
7f440ede6000-7f440f5e6000 rw-p 00000000 00:00 0 
7f440f5e6000-7f440f5e7000 ---p 00000000 00:00 0 
7f440f5e7000-7f440fde7000 rw-p 00000000 00:00 0 
7f440fde7000-7f440fdfe000 r-xp 00000000 08:05 1444680                    /usr/lib/libdbusmenu-glib.so.4.0.5
7f440fdfe000-7f440fffe000 ---p 00017000 08:05 1444680                    /usr/lib/libdbusmenu-glib.so.4.0.5
7f440fffe000-7f440ffff000 r--p 00017000 08:05 1444680                    /usr/lib/libdbusmenu-glib.so.4.0.5
7f440ffff000-7f4410000000 rw-p 00018000 08:05 1444680                    /usr/lib/libdbusmenu-glib.so.4.0.5
7f4410000000-7f4410356000 rw-p 00000000 00:00 0 
7f4410356000-7f4414000000 ---p 00000000 00:00 0 
7f441400b000-7f4414016000 r--p 00000000 08:05 2771505                    /usr/share/icons/Humanity-Dark/icon-theme.cache
7f4414016000-7f4414039000 r--p 00000000 08:05 2774643                    /usr/share/icons/ubuntu-mono-dark/icon-theme.cache
7f4414039000-7f4414059000 rw-s e0040000 00:05 37264                      /dev/nvidia0
7f4414059000-7f441405a000 rw-s eff65000 00:05 37264                      /dev/nvidia0
7f441405a000-7f441409a000 rw-s 45968000 00:05 37264                      /dev/nvidia0
7f441409a000-7f44140da000 rw-s 80d5c000 00:05 37264                      /dev/nvidia0
7f44140da000-7f44140dd000 ---p 00000000 00:00 0 
7f44140dd000-7f44141db000 rw-p 00000000 00:00 0 
7f44141db000-7f44141ec000 r-xp 00000000 08:05 1444682                    /usr/lib/libdbusmenu-gtk.so.4.0.5
7f44141ec000-7f44143eb000 ---p 00011000 08:05 1444682                    /usr/lib/libdbusmenu-gtk.so.4.0.5
7f44143eb000-7f44143ec000 r--p 00010000 08:05 1444682                    /usr/lib/libdbusmenu-gtk.so.4.0.5
7f44143ec000-7f44143ed000 rw-p 00011000 08:05 1444682                    /usr/lib/libdbusmenu-gtk.so.4.0.5
7f44143ed000-7f44143f2000 r-xp 00000000 08:05 1446876                    /usr/lib/gtk-2.0/2.10.0/menuproxies/libappmenu.so
7f44143f2000-7f44145f1000 ---p 00005000 08:05 1446876                    /usr/lib/gtk-2.0/2.10.0/menuproxies/libappmenu.so
7f44145f1000-7f44145f2000 r--p 00004000 08:05 1446876                    /usr/lib/gtk-2.0/2.10.0/menuproxies/libappmenu.so
7f44145f2000-7f44145f3000 rw-p 00005000 08:05 1446876                    /usr/lib/gtk-2.0/2.10.0/menuproxies/libappmenu.so
7f44145f3000-7f4414600000 r-xp 00000000 08:05 134869                     /lib/x86_64-linux-gnu/libudev.so.0.12.0
7f4414600000-7f44147ff000 ---p 0000d000 08:05 134869                     /lib/x86_64-linux-gnu/libudev.so.0.12.0
7f44147ff000-7f4414800000 r--p 0000c000 08:05 134869                     /lib/x86_64-linux-gnu/libudev.so.0.12.0
7f4414800000-7f4414801000 rw-p 0000d000 08:05 134869                     /lib/x86_64-linux-gnu/libudev.so.0.12.0
7f4414801000-7f4414843000 r-xp 00000000 08:05 134878                     /lib/x86_64-linux-gnu/libdbus-1.so.3.5.7
7f4414843000-7f4414a42000 ---p 00042000 08:05 134878                     /lib/x86_64-linux-gnu/libdbus-1.so.3.5.7
7f4414a42000-7f4414a43000 r--p 00041000 08:05 134878                     /lib/x86_64-linux-gnu/libdbus-1.so.3.5.7
7f4414a43000-7f4414a44000 rw-p 00042000 08:05 134878                     /lib/x86_64-linux-gnu/libdbus-1.so.3.5.7
7f4414a44000-7f4414a5a000 r-xp 00000000 08:05 1442274                    /usr/lib/gvfs/libgvfscommon.so
7f4414a5a000-7f4414c59000 ---p 00016000 08:05 1442274                    /usr/lib/gvfs/libgvfscommon.so
7f4414c59000-7f4414c5a000 r--p 00015000 08:05 1442274                    /usr/lib/gvfs/libgvfscommon.so
7f4414c5a000-7f4414c5b000 rw-p 00016000 08:05 1442274                    /usr/lib/gvfs/libgvfscommon.so
7f4414c5b000-7f4414c84000 r-xp 00000000 08:05 1442276                    /usr/lib/gio/modules/libgvfsdbus.so
7f4414c84000-7f4414e84000 ---p 00029000 08:05 1442276                    /usr/lib/gio/modules/libgvfsdbus.so
7f4414e84000-7f4414e85000 r--p 00029000 08:05 1442276                    /usr/lib/gio/modules/libgvfsdbus.so
7f4414e85000-7f4414e86000 rw-p 0002a000 08:05 1442276                    /usr/lib/gio/modules/libgvfsdbus.so
7f4414e86000-7f4414e87000 rw-p 00000000 00:00 0 
7f4414e87000-7f4414ec7000 r-xp 00000000 08:05 1444952                    /usr/lib/libibus-1.0.so.0.0.0
7f4414ec7000-7f44150c7000 ---p 00040000 08:05 1444952                    /usr/lib/libibus-1.0.so.0.0.0
7f44150c7000-7f44150c8000 r--p 00040000 08:05 1444952                    /usr/lib/libibus-1.0.so.0.0.0
7f44150c8000-7f44150c9000 rw-p 00041000 08:05 1444952                    /usr/lib/libibus-1.0.so.0.0.0
7f44150c9000-7f44150ca000 rw-p 00000000 00:00 0 
7f44150ca000-7f44150d6000 rw-s 00000000 00:04 99581997                   /SYSV00000000 (deleted)
7f44150d6000-7f44150dd000 r--s 00000000 08:05 1842416                    /usr/lib/x86_64-linux-gnu/gconv/gconv-modules.cache
7f44150dd000-7f44150e3000 r-xp 00000000 08:05 1836768                    /usr/lib/x86_64-linux-gnu/gtk-2.0/2.10.0/immodules/im-ibus.so
7f44150e3000-7f44152e2000 ---p 00006000 08:05 1836768                    /usr/lib/x86_64-linux-gnu/gtk-2.0/2.10.0/immodules/im-ibus.so
7f44152e2000-7f44152e3000 r--p 00005000 08:05 1836768                    /usr/lib/x86_64-linux-gnu/gtk-2.0/2.10.0/immodules/im-ibus.so
7f44152e3000-7f44152e4000 rw-p 00006000 08:05 1836768                    /usr/lib/x86_64-linux-gnu/gtk-2.0/2.10.0/immodules/im-ibus.so
7f44152e4000-7f4415336000 r--p 00000000 08:05 2361985                    /usr/share/fonts/truetype/ttf-dejavu/DejaVuSansMono.ttf
7f4415336000-7f441538d000 r--p 00000000 08:05 2362032                    /usr/share/fonts/truetype/ubuntu-font-family/Ubuntu-R.ttf
7f441538d000-7f441538f000 r-xp 00000000 08:05 1836842                    /usr/lib/x86_64-linux-gnu/pango/1.6.0/modules/pango-basic-fc.so
7f441538f000-7f441558e000 ---p 00002000 08:05 1836842                    /usr/lib/x86_64-linux-gnu/pango/1.6.0/modules/pango-basic-fc.so
7f441558e000-7f441558f000 r--p 00001000 08:05 1836842                    /usr/lib/x86_64-linux-gnu/pango/1.6.0/modules/pango-basic-fc.so
7f441558f000-7f4415590000 rw-p 00002000 08:05 1836842                    /usr/lib/x86_64-linux-gnu/pango/1.6.0/modules/pango-basic-fc.so
7f4415590000-7f4415591000 r--s 00000000 08:05 4718672                    /var/cache/fontconfig/c05880de57d1f5e948fdfacc138775d9-le64.cache-3
7f4415591000-7f441559a000 r--s 00000000 08:05 4718669                    /var/cache/fontconfig/945677eb7aeaf62f1d50efc3fb3ec7d8-le64.cache-3
7f441559a000-7f441559c000 r--s 00000000 08:05 4718670                    /var/cache/fontconfig/99e8ed0e538f840c565b6ed5dad60d56-le64.cache-3
7f441559c000-7f441559f000 r--s 00000000 08:05 4718680                    /var/cache/fontconfig/e383d7ea5fbe662a33d9b44caf393297-le64.cache-3
7f441559f000-7f44155a3000 r--s 00000000 08:05 4718657                    /var/cache/fontconfig/2cd17615ca594fa2959ae173292e504c-le64.cache-3
7f44155a3000-7f44155a4000 r--s 00000000 08:05 4718681                    /var/cache/fontconfig/e7071f4a29fa870f4323321c154eba04-le64.cache-3
7f44155a4000-7f44155a9000 r--s 00000000 08:05 4718666                    /var/cache/fontconfig/6eb3985aa4124903f6ff08ba781cd364-le64.cache-3
7f44155a9000-7f44155aa000 r--s 00000000 08:05 4718661                    /var/cache/fontconfig/4c73fe0c47614734b17d736dbde7580a-le64.cache-3
7f44155aa000-7f44155ab000 r--s 00000000 08:05 4718654                    /var/cache/fontconfig/0d8c3b2ac0904cb8a57a757ad11a4a08-le64.cache-3
7f44155ab000-7f44155ac000 r--s 00000000 08:05 4718664                    /var/cache/fontconfig/6a53c69dea097a2d716e069445527da8-le64.cache-3
7f44155ac000-7f44155b2000 r--s 00000000 08:05 4718671                    /var/cache/fontconfig/a755afe4a08bf5b97852ceb7400b47bc-le64.cache-3
7f44155b2000-7f44155bb000 r--s 00000000 08:05 4718679                    /var/cache/fontconfig/6d41288fd70b0be22e8c3a91e032eec0-le64.cache-3
7f44155bb000-7f44155cb000 r--s 00000000 08:05 4718655                    /var/cache/fontconfig/0f34bcd4b6ee430af32735b75db7f02b-le64.cache-3
7f44155cb000-7f44155ce000 r--s 00000000 08:05 4718677                    /var/cache/fontconfig/d60319d88cac85ba9e1a07bd06cfbb8c-le64.cache-3
7f44155ce000-7f44155cf000 r--s 00000000 08:05 4725188                    /var/cache/fontconfig/4794a0821666d79190d59a36cb4f44b5-le64.cache-3
7f44155cf000-7f44155df000 r--s 00000000 08:05 4718676                    /var/cache/fontconfig/d52a8644073d54c13679302ca1180695-le64.cache-3
7f44155e3000-7f44155e7000 rw-s 8fa40000 00:05 37264                      /dev/nvidia0
7f44155e7000-7f4415607000 rw-s b021b000 00:05 37264                      /dev/nvidia0
7f4415607000-7f4415627000 rw-s 8fa82000 00:05 37264                      /dev/nvidia0
7f4415627000-7f4415628000 rw-s eff63000 00:05 37264                      /dev/nvidia0
7f4415628000-7f4415668000 rw-s 048fe000 00:05 37264                      /dev/nvidia0
7f441566a000-7f441566e000 rw-s 00000000 00:04 99647535                   /SYSV00000000 (deleted)
7f441566e000-7f4415688000 r--s 00000000 08:05 1839972                    /usr/share/mime/mime.cache
7f4415688000-7f44157ee000 rw-p 00000000 00:00 0 
7f44157ef000-7f441580c000 rw-s 9e340000 00:05 37264                      /dev/nvidia0
7f441580c000-7f441586c000 rw-s 00000000 00:04 99254289                   /SYSV00000000 (deleted)
7f441586c000-7f4415a4d000 rw-s 00000000 00:04 99221519                   /SYSV00000000 (deleted)
7f4415a4d000-7f4415a55000 r-xp 00000000 08:05 1448179                    /usr/lib/jvm/java-6-openjdk/jre/lib/amd64/libnio.so
7f4415a55000-7f4415c54000 ---p 00008000 08:05 1448179                    /usr/lib/jvm/java-6-openjdk/jre/lib/amd64/libnio.so
7f4415c54000-7f4415c55000 r--p 00007000 08:05 1448179                    /usr/lib/jvm/java-6-openjdk/jre/lib/amd64/libnio.so
7f4415c55000-7f4415c56000 rw-p 00008000 08:05 1448179                    /usr/lib/jvm/java-6-openjdk/jre/lib/amd64/libnio.so
7f4415c56000-7f4415c6b000 r-xp 00000000 08:05 1448189                    /usr/lib/jvm/java-6-openjdk/jre/lib/amd64/libnet.so
7f4415c6b000-7f4415e6a000 ---p 00015000 08:05 1448189                    /usr/lib/jvm/java-6-openjdk/jre/lib/amd64/libnet.so
7f4415e6a000-7f4415e6b000 r--p 00014000 08:05 1448189                    /usr/lib/jvm/java-6-openjdk/jre/lib/amd64/libnet.so
7f4415e6b000-7f4415e6c000 rw-p 00015000 08:05 1448189                    /usr/lib/jvm/java-6-openjdk/jre/lib/amd64/libnet.so
7f4415e6c000-7f4415e75000 r-xp 00000000 08:05 1842918                    /usr/lib/x86_64-linux-gnu/gtk-2.0/2.10.0/engines/libpixmap.so
7f4415e75000-7f4416075000 ---p 00009000 08:05 1842918                    /usr/lib/x86_64-linux-gnu/gtk-2.0/2.10.0/engines/libpixmap.so
7f4416075000-7f4416076000 r--p 00009000 08:05 1842918                    /usr/lib/x86_64-linux-gnu/gtk-2.0/2.10.0/engines/libpixmap.so
7f4416076000-7f4416077000 rw-p 0000a000 08:05 1842918                    /usr/lib/x86_64-linux-gnu/gtk-2.0/2.10.0/engines/libpixmap.so
7f4416077000-7f44160a6000 r-xp 00000000 08:05 1446873                    /usr/lib/gtk-2.0/2.10.0/engines/libmurrine.so
7f44160a6000-7f44162a6000 ---p 0002f000 08:05 1446873                    /usr/lib/gtk-2.0/2.10.0/engines/libmurrine.so
7f44162a6000-7f44162a7000 r--p 0002f000 08:05 1446873                    /usr/lib/gtk-2.0/2.10.0/engines/libmurrine.so
7f44162a7000-7f44162a8000 rw-p 00030000 08:05 1446873                    /usr/lib/gtk-2.0/2.10.0/engines/libmurrine.so
7f44162a8000-7f44162ae000 r-xp 00000000 08:05 1449724                    /usr/lib/x86_64-linux-gnu/libogg.so.0.7.1
7f44162ae000-7f44164ad000 ---p 00006000 08:05 1449724                    /usr/lib/x86_64-linux-gnu/libogg.so.0.7.1
7f44164ad000-7f44164ae000 r--p 00005000 08:05 1449724                    /usr/lib/x86_64-linux-gnu/libogg.so.0.7.1
7f44164ae000-7f44164af000 rw-p 00006000 08:05 1449724                    /usr/lib/x86_64-linux-gnu/libogg.so.0.7.1
7f44164af000-7f44164da000 r-xp 00000000 08:05 1443495                    /usr/lib/x86_64-linux-gnu/libvorbis.so.0.4.5
7f44164da000-7f44166d9000 ---p 0002b000 08:05 1443495                    /usr/lib/x86_64-linux-gnu/libvorbis.so.0.4.5
7f44166d9000-7f44166da000 r--p 0002a000 08:05 1443495                    /usr/lib/x86_64-linux-gnu/libvorbis.so.0.4.5
7f44166da000-7f44166db000 rw-p 0002b000 08:05 1443495                    /usr/lib/x86_64-linux-gnu/libvorbis.so.0.4.5
7f44166db000-7f44166e3000 r-xp 00000000 08:05 1445020                    /usr/lib/libltdl.so.7.3.0
7f44166e3000-7f44168e3000 ---p 00008000 08:05 1445020                    /usr/lib/libltdl.so.7.3.0
7f44168e3000-7f44168e4000 r--p 00008000 08:05 1445020                    /usr/lib/libltdl.so.7.3.0
7f44168e4000-7f44168e5000 rw-p 00009000 08:05 1445020                    /usr/lib/libltdl.so.7.3.0
7f44168e5000-7f44168f5000 r-xp 00000000 08:05 1449793                    /usr/lib/x86_64-linux-gnu/libtdb.so.1.2.9
7f44168f5000-7f4416af4000 ---p 00010000 08:05 1449793                    /usr/lib/x86_64-linux-gnu/libtdb.so.1.2.9
7f4416af4000-7f4416af5000 r--p 0000f000 08:05 1449793                    /usr/lib/x86_64-linux-gnu/libtdb.so.1.2.9
7f4416af5000-7f4416af6000 rw-p 00010000 08:05 1449793                    /usr/lib/x86_64-linux-gnu/libtdb.so.1.2.9
7f4416af6000-7f4416afd000 r-xp 00000000 08:05 1443491                    /usr/lib/x86_64-linux-gnu/libvorbisfile.so.3.3.4
7f4416afd000-7f4416cfc000 ---p 00007000 08:05 1443491                    /usr/lib/x86_64-linux-gnu/libvorbisfile.so.3.3.4
7f4416cfc000-7f4416cfd000 r--p 00006000 08:05 1443491                    /usr/lib/x86_64-linux-gnu/libvorbisfile.so.3.3.4
7f4416cfd000-7f4416cfe000 rw-p 00007000 08:05 1443491                    /usr/lib/x86_64-linux-gnu/libvorbisfile.so.3.3.4
7f4416cfe000-7f4416d0d000 r-xp 00000000 08:05 1442587                    /usr/lib/libcanberra.so.0.2.5
7f4416d0d000-7f4416f0c000 ---p 0000f000 08:05 1442587                    /usr/lib/libcanberra.so.0.2.5
7f4416f0c000-7f4416f0d000 r--p 0000e000 08:05 1442587                    /usr/lib/libcanberra.so.0.2.5
7f4416f0d000-7f4416f0e000 rw-p 0000f000 08:05 1442587                    /usr/lib/libcanberra.so.0.2.5
7f4416f0e000-7f4416f12000 r-xp 00000000 08:05 1442595                    /usr/lib/libcanberra-gtk.so.0.1.8
7f4416f12000-7f4417111000 ---p 00004000 08:05 1442595                    /usr/lib/libcanberra-gtk.so.0.1.8
7f4417111000-7f4417112000 r--p 00003000 08:05 1442595                    /usr/lib/libcanberra-gtk.so.0.1.8
7f4417112000-7f4417113000 rw-p 00004000 08:05 1442595                    /usr/lib/libcanberra-gtk.so.0.1.8
7f4417113000-7f4417118000 r-xp 00000000 08:05 1444945                    /usr/lib/gtk-2.0/modules/libcanberra-gtk-module.so
7f4417118000-7f4417317000 ---p 00005000 08:05 1444945                    /usr/lib/gtk-2.0/modules/libcanberra-gtk-module.so
7f4417317000-7f4417318000 r--p 00004000 08:05 1444945                    /usr/lib/gtk-2.0/modules/libcanberra-gtk-module.so
7f4417318000-7f4417319000 rw-p 00005000 08:05 1444945                    /usr/lib/gtk-2.0/modules/libcanberra-gtk-module.so
7f4417319000-7f4417327000 r-xp 00000000 08:05 1445112                    /usr/lib/liboverlay-scrollbar-0.2.so.0.0.11
7f4417327000-7f4417526000 ---p 0000e000 08:05 1445112                    /usr/lib/liboverlay-scrollbar-0.2.so.0.0.11
7f4417526000-7f4417527000 r--p 0000d000 08:05 1445112                    /usr/lib/liboverlay-scrollbar-0.2.so.0.0.11
7f4417527000-7f4417528000 rw-p 0000e000 08:05 1445112                    /usr/lib/liboverlay-scrollbar-0.2.so.0.0.11
7f4417528000-7f4417563000 r-xp 00000000 08:05 134925                     /lib/x86_64-linux-gnu/libpcre.so.3.12.1
7f4417563000-7f4417762000 ---p 0003b000 08:05 134925                     /lib/x86_64-linux-gnu/libpcre.so.3.12.1
7f4417762000-7f4417763000 r--p 0003a000 08:05 134925                     /lib/x86_64-linux-gnu/libpcre.so.3.12.1
7f4417763000-7f4417764000 rw-p 0003b000 08:05 134925                     /lib/x86_64-linux-gnu/libpcre.so.3.12.1
7f4417764000-7f441776b000 r-xp 00000000 08:05 1449623                    /usr/lib/x86_64-linux-gnu/libffi.so.6.0.0
7f441776b000-7f441796a000 ---p 00007000 08:05 1449623                    /usr/lib/x86_64-linux-gnu/libffi.so.6.0.0
7f441796a000-7f441796b000 r--p 00006000 08:05 1449623                    /usr/lib/x86_64-linux-gnu/libffi.so.6.0.0
7f441796b000-7f441796c000 rw-p 00007000 08:05 1449623                    /usr/lib/x86_64-linux-gnu/libffi.so.6.0.0
7f441796c000-7f4417970000 r-xp 00000000 08:05 1449660                    /usr/lib/x86_64-linux-gnu/libgthread-2.0.so.0.3000.0
7f4417970000-7f4417b6f000 ---p 00004000 08:05 1449660                    /usr/lib/x86_64-linux-gnu/libgthread-2.0.so.0.3000.0
7f4417b6f000-7f4417b70000 r--p 00003000 08:05 1449660                    /usr/lib/x86_64-linux-gnu/libgthread-2.0.so.0.3000.0
7f4417b70000-7f4417b71000 rw-p 00004000 08:05 1449660                    /usr/lib/x86_64-linux-gnu/libgthread-2.0.so.0.3000.0
7f4417b71000-7f4417b98000 r-xp 00000000 08:05 134884                     /lib/x86_64-linux-gnu/libexpat.so.1.5.2
7f4417b98000-7f4417d98000 ---p 00027000 08:05 134884                     /lib/x86_64-linux-gnu/libexpat.so.1.5.2
7f4417d98000-7f4417d9a000 r--p 00027000 08:05 134884                     /lib/x86_64-linux-gnu/libexpat.so.1.5.2
7f4417d9a000-7f4417d9b000 rw-p 00029000 08:05 134884                     /lib/x86_64-linux-gnu/libexpat.so.1.5.2
7f4417d9b000-7f4417db2000 r-xp 00000000 08:05 135046                     /lib/x86_64-linux-gnu/libresolv-2.13.so
7f4417db2000-7f4417fb2000 ---p 00017000 08:05 135046                     /lib/x86_64-linux-gnu/libresolv-2.13.so
7f4417fb2000-7f4417fb3000 r--p 00017000 08:05 135046                     /lib/x86_64-linux-gnu/libresolv-2.13.so
7f4417fb3000-7f4417fb4000 rw-p 00018000 08:05 135046                     /lib/x86_64-linux-gnu/libresolv-2.13.so
7f4417fb4000-7f4417fb6000 rw-p 00000000 00:00 0 
7f4417fb6000-7f4417fd2000 r-xp 00000000 08:05 134934                     /lib/x86_64-linux-gnu/libselinux.so.1
7f4417fd2000-7f44181d1000 ---p 0001c000 08:05 134934                     /lib/x86_64-linux-gnu/libselinux.so.1
7f44181d1000-7f44181d2000 r--p 0001b000 08:05 134934                     /lib/x86_64-linux-gnu/libselinux.so.1
7f44181d2000-7f44181d3000 rw-p 0001c000 08:05 134934                     /lib/x86_64-linux-gnu/libselinux.so.1
7f44181d3000-7f44181d4000 rw-p 00000000 00:00 0 
7f44181d4000-7f44181db000 r-xp 00000000 08:05 1449814                    /usr/lib/x86_64-linux-gnu/libxcb-render.so.0.0.0
7f44181db000-7f44183db000 ---p 00007000 08:05 1449814                    /usr/lib/x86_64-linux-gnu/libxcb-render.so.0.0.0
7f44183db000-7f44183dc000 r--p 00007000 08:05 1449814                    /usr/lib/x86_64-linux-gnu/libxcb-render.so.0.0.0
7f44183dc000-7f44183dd000 rw-p 00008000 08:05 1449814                    /usr/lib/x86_64-linux-gnu/libxcb-render.so.0.0.0
7f44183dd000-7f44183df000 r-xp 00000000 08:05 1449818                    /usr/lib/x86_64-linux-gnu/libxcb-shm.so.0.0.0
7f44183df000-7f44185de000 ---p 00002000 08:05 1449818                    /usr/lib/x86_64-linux-gnu/libxcb-shm.so.0.0.0
7f44185de000-7f44185df000 r--p 00001000 08:05 1449818                    /usr/lib/x86_64-linux-gnu/libxcb-shm.so.0.0.0
7f44185df000-7f44185e0000 rw-p 00002000 08:05 1449818                    /usr/lib/x86_64-linux-gnu/libxcb-shm.so.0.0.0
7f44185e0000-7f4418606000 r-xp 00000000 08:05 131179                     /lib/x86_64-linux-gnu/libpng12.so.0.46.0
7f4418606000-7f4418806000 ---p 00026000 08:05 131179                     /lib/x86_64-linux-gnu/libpng12.so.0.46.0
7f4418806000-7f4418807000 r--p 00026000 08:05 131179                     /lib/x86_64-linux-gnu/libpng12.so.0.46.0
7f4418807000-7f4418808000 rw-p 00027000 08:05 131179                     /lib/x86_64-linux-gnu/libpng12.so.0.46.0
7f4418808000-7f4418876000 r-xp 00000000 08:05 1449744                    /usr/lib/x86_64-linux-gnu/libpixman-1.so.0.22.2
7f4418876000-7f4418a76000 ---p 0006e000 08:05 1449744                    /usr/lib/x86_64-linux-gnu/libpixman-1.so.0.22.2
7f4418a76000-7f4418a7b000 r--p 0006e000 08:05 1449744                    /usr/lib/x86_64-linux-gnu/libpixman-1.so.0.22.2
7f4418a7b000-7f4418a7c000 rw-p 00073000 08:05 1449744                    /usr/lib/x86_64-linux-gnu/libpixman-1.so.0.22.2
7f4418a7c000-7f4418a7e000 r-xp 00000000 08:05 1449530                    /usr/lib/x86_64-linux-gnu/libXdamage.so.1.1.0
7f4418a7e000-7f4418c7d000 ---p 00002000 08:05 1449530                    /usr/lib/x86_64-linux-gnu/libXdamage.so.1.1.0
7f4418c7d000-7f4418c7e000 r--p 00001000 08:05 1449530                    /usr/lib/x86_64-linux-gnu/libXdamage.so.1.1.0
7f4418c7e000-7f4418c7f000 rw-p 00002000 08:05 1449530                    /usr/lib/x86_64-linux-gnu/libXdamage.so.1.1.0
7f4418c7f000-7f4418c81000 r-xp 00000000 08:05 1449526                    /usr/lib/x86_64-linux-gnu/libXcomposite.so.1.0.0
7f4418c81000-7f4418e80000 ---p 00002000 08:05 1449526                    /usr/lib/x86_64-linux-gnu/libXcomposite.so.1.0.0
7f4418e80000-7f4418e81000 r--p 00001000 08:05 1449526                    /usr/lib/x86_64-linux-gnu/libXcomposite.so.1.0.0
7f4418e81000-7f4418e82000 rw-p 00002000 08:05 1449526                    /usr/lib/x86_64-linux-gnu/libXcomposite.so.1.0.0
7f4418e82000-7f4418e8a000 r-xp 00000000 08:05 1449544                    /usr/lib/x86_64-linux-gnu/libXrandr.so.2.2.0
7f4418e8a000-7f4419089000 ---p 00008000 08:05 1449544                    /usr/lib/x86_64-linux-gnu/libXrandr.so.2.2.0
7f4419089000-7f441908a000 r--p 00007000 08:05 1449544                    /usr/lib/x86_64-linux-gnu/libXrandr.so.2.2.0
7f441908a000-7f441908b000 rw-p 00008000 08:05 1449544                    /usr/lib/x86_64-linux-gnu/libXrandr.so.2.2.0
7f441908b000-7f441908d000 r-xp 00000000 08:05 1449542                    /usr/lib/x86_64-linux-gnu/libXinerama.so.1.0.0
7f441908d000-7f441928c000 ---p 00002000 08:05 1449542                    /usr/lib/x86_64-linux-gnu/libXinerama.so.1.0.0
7f441928c000-7f441928d000 r--p 00001000 08:05 1449542                    /usr/lib/x86_64-linux-gnu/libXinerama.so.1.0.0
7f441928d000-7f441928e000 rw-p 00002000 08:05 1449542                    /usr/lib/x86_64-linux-gnu/libXinerama.so.1.0.0
7f441928e000-7f4419382000 r-xp 00000000 08:05 134893                     /lib/x86_64-linux-gnu/libglib-2.0.so.0.3000.0
7f4419382000-7f4419581000 ---p 000f4000 08:05 134893                     /lib/x86_64-linux-gnu/libglib-2.0.so.0.3000.0
7f4419581000-7f4419582000 r--p 000f3000 08:05 134893                     /lib/x86_64-linux-gnu/libglib-2.0.so.0.3000.0
7f4419582000-7f4419583000 rw-p 000f4000 08:05 134893                     /lib/x86_64-linux-gnu/libglib-2.0.so.0.3000.0
7f4419583000-7f4419584000 rw-p 00000000 00:00 0 
7f4419584000-7f4419587000 r-xp 00000000 08:05 1449646                    /usr/lib/x86_64-linux-gnu/libgmodule-2.0.so.0.3000.0
7f4419587000-7f4419786000 ---p 00003000 08:05 1449646                    /usr/lib/x86_64-linux-gnu/libgmodule-2.0.so.0.3000.0
7f4419786000-7f4419787000 r--p 00002000 08:05 1449646                    /usr/lib/x86_64-linux-gnu/libgmodule-2.0.so.0.3000.0
7f4419787000-7f4419788000 rw-p 00003000 08:05 1449646                    /usr/lib/x86_64-linux-gnu/libgmodule-2.0.so.0.3000.0
7f4419788000-7f44197d6000 r-xp 00000000 08:05 1449654                    /usr/lib/x86_64-linux-gnu/libgobject-2.0.so.0.3000.0
7f44197d6000-7f44199d6000 ---p 0004e000 08:05 1449654                    /usr/lib/x86_64-linux-gnu/libgobject-2.0.so.0.3000.0
7f44199d6000-7f44199d7000 r--p 0004e000 08:05 1449654                    /usr/lib/x86_64-linux-gnu/libgobject-2.0.so.0.3000.0
7f44199d7000-7f44199d8000 rw-p 0004f000 08:05 1449654                    /usr/lib/x86_64-linux-gnu/libgobject-2.0.so.0.3000.0
7f44199d8000-7f44199d9000 rw-p 00000000 00:00 0 
7f44199d9000-7f4419a0d000 r-xp 00000000 08:05 1449625                    /usr/lib/x86_64-linux-gnu/libfontconfig.so.1.4.4
7f4419a0d000-7f4419c0d000 ---p 00034000 08:05 1449625                    /usr/lib/x86_64-linux-gnu/libfontconfig.so.1.4.4
7f4419c0d000-7f4419c0e000 r--p 00034000 08:05 1449625                    /usr/lib/x86_64-linux-gnu/libfontconfig.so.1.4.4
7f4419c0e000-7f4419c0f000 rw-p 00035000 08:05 1449625                    /usr/lib/x86_64-linux-gnu/libfontconfig.so.1.4.4
7f4419c0f000-7f4419c56000 r-xp 00000000 08:05 1449726                    /usr/lib/x86_64-linux-gnu/libpango-1.0.so.0.2903.0
7f4419c56000-7f4419e56000 ---p 00047000 08:05 1449726                    /usr/lib/x86_64-linux-gnu/libpango-1.0.so.0.2903.0
7f4419e56000-7f4419e58000 r--p 00047000 08:05 1449726                    /usr/lib/x86_64-linux-gnu/libpango-1.0.so.0.2903.0
7f4419e58000-7f4419e59000 rw-p 00049000 08:05 1449726                    /usr/lib/x86_64-linux-gnu/libpango-1.0.so.0.2903.0
7f4419e59000-7f4419e83000 r-xp 00000000 08:05 1449730                    /usr/lib/x86_64-linux-gnu/libpangoft2-1.0.so.0.2903.0
7f4419e83000-7f441a082000 ---p 0002a000 08:05 1449730                    /usr/lib/x86_64-linux-gnu/libpangoft2-1.0.so.0.2903.0
7f441a082000-7f441a083000 r--p 00029000 08:05 1449730                    /usr/lib/x86_64-linux-gnu/libpangoft2-1.0.so.0.2903.0
7f441a083000-7f441a084000 rw-p 0002a000 08:05 1449730                    /usr/lib/x86_64-linux-gnu/libpangoft2-1.0.so.0.2903.0
7f441a084000-7f441a1bf000 r-xp 00000000 08:05 1449642                    /usr/lib/x86_64-linux-gnu/libgio-2.0.so.0.3000.0
7f441a1bf000-7f441a3be000 ---p 0013b000 08:05 1449642                    /usr/lib/x86_64-linux-gnu/libgio-2.0.so.0.3000.0
7f441a3be000-7f441a3c2000 r--p 0013a000 08:05 1449642                    /usr/lib/x86_64-linux-gnu/libgio-2.0.so.0.3000.0
7f441a3c2000-7f441a3c4000 rw-p 0013e000 08:05 1449642                    /usr/lib/x86_64-linux-gnu/libgio-2.0.so.0.3000.0
7f441a3c4000-7f441a3c6000 rw-p 00000000 00:00 0 
7f441a3c6000-7f441a3e4000 r-xp 00000000 08:05 1449638                    /usr/lib/x86_64-linux-gnu/libgdk_pixbuf-2.0.so.0.2400.0
7f441a3e4000-7f441a5e3000 ---p 0001e000 08:05 1449638                    /usr/lib/x86_64-linux-gnu/libgdk_pixbuf-2.0.so.0.2400.0
7f441a5e3000-7f441a5e4000 r--p 0001d000 08:05 1449638                    /usr/lib/x86_64-linux-gnu/libgdk_pixbuf-2.0.so.0.2400.0
7f441a5e4000-7f441a5e5000 rw-p 0001e000 08:05 1449638                    /usr/lib/x86_64-linux-gnu/libgdk_pixbuf-2.0.so.0.2400.0
7f441a5e5000-7f441a69e000 r-xp 00000000 08:05 1449586                    /usr/lib/x86_64-linux-gnu/libcairo.so.2.11000.2
7f441a69e000-7f441a89d000 ---p 000b9000 08:05 1449586                    /usr/lib/x86_64-linux-gnu/libcairo.so.2.11000.2
7f441a89d000-7f441a89f000 r--p 000b8000 08:05 1449586                    /usr/lib/x86_64-linux-gnu/libcairo.so.2.11000.2
7f441a89f000-7f441a8a0000 rw-p 000ba000 08:05 1449586                    /usr/lib/x86_64-linux-gnu/libcairo.so.2.11000.2
7f441a8a0000-7f441a8a3000 rw-p 00000000 00:00 0 
7f441a8a3000-7f441a8c2000 r-xp 00000000 08:05 1449560                    /usr/lib/x86_64-linux-gnu/libatk-1.0.so.0.20209.1
7f441a8c2000-7f441aac2000 ---p 0001f000 08:05 1449560                    /usr/lib/x86_64-linux-gnu/libatk-1.0.so.0.20209.1
7f441aac2000-7f441aac4000 r--p 0001f000 08:05 1449560                    /usr/lib/x86_64-linux-gnu/libatk-1.0.so.0.20209.1
7f441aac4000-7f441aac5000 rw-p 00021000 08:05 1449560                    /usr/lib/x86_64-linux-gnu/libatk-1.0.so.0.20209.1
7f441aac5000-7f441aad0000 r-xp 00000000 08:05 1449728                    /usr/lib/x86_64-linux-gnu/libpangocairo-1.0.so.0.2903.0
7f441aad0000-7f441acd0000 ---p 0000b000 08:05 1449728                    /usr/lib/x86_64-linux-gnu/libpangocairo-1.0.so.0.2903.0
7f441acd0000-7f441acd1000 r--p 0000b000 08:05 1449728                    /usr/lib/x86_64-linux-gnu/libpangocairo-1.0.so.0.2903.0
7f441acd1000-7f441acd2000 rw-p 0000c000 08:05 1449728                    /usr/lib/x86_64-linux-gnu/libpangocairo-1.0.so.0.2903.0
7f441acd2000-7f441ad7f000 r-xp 00000000 08:05 1449636                    /usr/lib/x86_64-linux-gnu/libgdk-x11-2.0.so.0.2400.6
7f441ad7f000-7f441af7e000 ---p 000ad000 08:05 1449636                    /usr/lib/x86_64-linux-gnu/libgdk-x11-2.0.so.0.2400.6
7f441af7e000-7f441af82000 r--p 000ac000 08:05 1449636                    /usr/lib/x86_64-linux-gnu/libgdk-x11-2.0.so.0.2400.6
7f441af82000-7f441af84000 rw-p 000b0000 08:05 1449636                    /usr/lib/x86_64-linux-gnu/libgdk-x11-2.0.so.0.2400.6
7f441af84000-7f441b3b3000 r-xp 00000000 08:05 1449662                    /usr/lib/x86_64-linux-gnu/libgtk-x11-2.0.so.0.2400.6
7f441b3b3000-7f441b5b3000 ---p 0042f000 08:05 1449662                    /usr/lib/x86_64-linux-gnu/libgtk-x11-2.0.so.0.2400.6
7f441b5b3000-7f441b5ba000 r--p 0042f000 08:05 1449662                    /usr/lib/x86_64-linux-gnu/libgtk-x11-2.0.so.0.2400.6
7f441b5ba000-7f441b5be000 rw-p 00436000 08:05 1449662                    /usr/lib/x86_64-linux-gnu/libgtk-x11-2.0.so.0.2400.6
7f441b5be000-7f441b5c0000 rw-p 00000000 00:00 0 
7f441b5c0000-7f441b5c3000 ---p 00000000 00:00 0 
7f441b5c3000-7f441b6c1000 rw-p 00000000 00:00 0 
7f441b6c1000-7f441b6c4000 ---p 00000000 00:00 0 
7f441b6c4000-7f441b7c2000 rw-p 00000000 00:00 0 
7f441b7c2000-7f441b7c5000 ---p 00000000 00:00 0 
7f441b7c5000-7f441b8c3000 rw-p 00000000 00:00 0 
7f441b8c3000-7f441b8c4000 r--s 00000000 08:05 4718672                    /var/cache/fontconfig/c05880de57d1f5e948fdfacc138775d9-le64.cache-3
7f441b8c4000-7f441b8cd000 r--s 00000000 08:05 4718669                    /var/cache/fontconfig/945677eb7aeaf62f1d50efc3fb3ec7d8-le64.cache-3
7f441b8cd000-7f441b8cf000 r--s 00000000 08:05 4718670                    /var/cache/fontconfig/99e8ed0e538f840c565b6ed5dad60d56-le64.cache-3
7f441b8cf000-7f441b8d2000 r--s 00000000 08:05 4718680                    /var/cache/fontconfig/e383d7ea5fbe662a33d9b44caf393297-le64.cache-3
7f441b8d2000-7f441b8d6000 r--s 00000000 08:05 4718657                    /var/cache/fontconfig/2cd17615ca594fa2959ae173292e504c-le64.cache-3
7f441b8d6000-7f441b8dc000 r--s 00000000 08:05 4718671                    /var/cache/fontconfig/a755afe4a08bf5b97852ceb7400b47bc-le64.cache-3
7f441b8dc000-7f441b8e5000 r--s 00000000 08:05 4718679                    /var/cache/fontconfig/6d41288fd70b0be22e8c3a91e032eec0-le64.cache-3
7f441b8e5000-7f441b8f5000 r--s 00000000 08:05 4718655                    /var/cache/fontconfig/0f34bcd4b6ee430af32735b75db7f02b-le64.cache-3
7f441b8f7000-7f441b8f8000 rw-p 00000000 00:00 0 
7f441b8f8000-7f441b8f9000 rw-s 2b923000 00:05 37264                      /dev/nvidia0
7f441b8f9000-7f441b8fd000 rw-s b4b5b000 00:05 37264                      /dev/nvidia0
7f441b8fd000-7f441b92e000 rw-p 00000000 00:00 0 
7f441b92e000-7f441b933000 r-xp 00000000 08:05 1449536                    /usr/lib/x86_64-linux-gnu/libXfixes.so.3.1.0
7f441b933000-7f441bb32000 ---p 00005000 08:05 1449536                    /usr/lib/x86_64-linux-gnu/libXfixes.so.3.1.0
7f441bb32000-7f441bb33000 r--p 00004000 08:05 1449536                    /usr/lib/x86_64-linux-gnu/libXfixes.so.3.1.0
7f441bb33000-7f441bb34000 rw-p 00005000 08:05 1449536                    /usr/lib/x86_64-linux-gnu/libXfixes.so.3.1.0
7f441bb34000-7f441bb3d000 r-xp 00000000 08:05 1449528                    /usr/lib/x86_64-linux-gnu/libXcursor.so.1.0.2
7f441bb3d000-7f441bd3c000 ---p 00009000 08:05 1449528                    /usr/lib/x86_64-linux-gnu/libXcursor.so.1.0.2
7f441bd3c000-7f441bd3d000 r--p 00008000 08:05 1449528                    /usr/lib/x86_64-linux-gnu/libXcursor.so.1.0.2
7f441bd3d000-7f441bd3e000 rw-p 00009000 08:05 1449528                    /usr/lib/x86_64-linux-gnu/libXcursor.so.1.0.2
7f441bd3e000-7f441bd3f000 rw-p 00000000 00:00 0 
7f441bd3f000-7f441bd41000 rw-s 00000000 08:05 2238126                    /tmp/glpfo54w (deleted)
7f441bd41000-7f441bd42000 rw-s eff64000 00:05 37264                      /dev/nvidia0
7f441bd42000-7f441bd43000 rw-s f2641000 00:05 37264                      /dev/nvidia0
7f441bd43000-7f441bd44000 rw-s 80f0f000 00:05 37264                      /dev/nvidia0
7f441bd44000-7f441bd45000 rw-s b0086000 00:05 37264                      /dev/nvidia0
7f441bd45000-7f441bd46000 rw-s f2060000 00:05 37264                      /dev/nvidia0
7f441bd46000-7f441bd49000 r--s 00000000 08:05 4726305                    /var/cache/fontconfig/e13b20fdb08344e0e664864cc2ede53d-le64.cache-3
7f441bd49000-7f441bd4d000 r--s 00000000 08:05 4718668                    /var/cache/fontconfig/7ef2298fde41cc6eeb7af42e48b7d293-le64.cache-3
7f441bd4d000-7f441bd4e000 r--p 00000000 00:00 0 
7f441bd4e000-7f441bd51000 r--s 0007d000 08:05 1445242                    /usr/lib/jvm/java-6-openjdk/jre/lib/jsse.jar
7f441bd51000-7f441bd58000 r--s 000fb000 08:05 1445252                    /usr/lib/jvm/java-6-openjdk/jre/lib/resources.jar
7f441bd58000-7f441bd68000 r--s 00000000 08:05 4718676                    /var/cache/fontconfig/d52a8644073d54c13679302ca1180695-le64.cache-3
7f441bd68000-7f441bdfa000 r-xp 00000000 08:05 1445631                    /usr/lib/x86_64-linux-gnu/libfreetype.so.6.6.2
7f441bdfa000-7f441bff9000 ---p 00092000 08:05 1445631                    /usr/lib/x86_64-linux-gnu/libfreetype.so.6.6.2
7f441bff9000-7f441bfff000 r--p 00091000 08:05 1445631                    /usr/lib/x86_64-linux-gnu/libfreetype.so.6.6.2
7f441bfff000-7f441c000000 rw-p 00097000 08:05 1445631                    /usr/lib/x86_64-linux-gnu/libfreetype.so.6.6.2
7f441c000000-7f441cee5000 rw-p 00000000 00:00 0 
7f441cee5000-7f4420000000 ---p 00000000 00:00 0 
7f4420000000-7f4420001000 r--s 00000000 08:05 4718681                    /var/cache/fontconfig/e7071f4a29fa870f4323321c154eba04-le64.cache-3
7f4420001000-7f4420006000 r--s 00000000 08:05 4718666                    /var/cache/fontconfig/6eb3985aa4124903f6ff08ba781cd364-le64.cache-3
7f4420006000-7f4420007000 r--s 00000000 08:05 4718661                    /var/cache/fontconfig/4c73fe0c47614734b17d736dbde7580a-le64.cache-3
7f4420007000-7f4420008000 r--s 00000000 08:05 4718654                    /var/cache/fontconfig/0d8c3b2ac0904cb8a57a757ad11a4a08-le64.cache-3
7f4420008000-7f4420009000 r--s 00000000 08:05 4718664                    /var/cache/fontconfig/6a53c69dea097a2d716e069445527da8-le64.cache-3
7f4420009000-7f442000c000 r--s 00000000 08:05 4718677                    /var/cache/fontconfig/d60319d88cac85ba9e1a07bd06cfbb8c-le64.cache-3
7f442000c000-7f442000d000 r--s 00000000 08:05 4718672                    /var/cache/fontconfig/c05880de57d1f5e948fdfacc138775d9-le64.cache-3
7f442000d000-7f4420016000 r--s 00000000 08:05 4718669                    /var/cache/fontconfig/945677eb7aeaf62f1d50efc3fb3ec7d8-le64.cache-3
7f4420016000-7f4420018000 r--s 00000000 08:05 4718670                    /var/cache/fontconfig/99e8ed0e538f840c565b6ed5dad60d56-le64.cache-3
7f4420018000-7f442001b000 r--s 00000000 08:05 4718680                    /var/cache/fontconfig/e383d7ea5fbe662a33d9b44caf393297-le64.cache-3
7f442001b000-7f442001f000 r--s 00000000 08:05 4718657                    /var/cache/fontconfig/2cd17615ca594fa2959ae173292e504c-le64.cache-3
7f442001f000-7f4420020000 r--s 00000000 08:05 4718681                    /var/cache/fontconfig/e7071f4a29fa870f4323321c154eba04-le64.cache-3
7f4420020000-7f4420025000 r--s 00000000 08:05 4718666                    /var/cache/fontconfig/6eb3985aa4124903f6ff08ba781cd364-le64.cache-3
7f4420025000-7f4420026000 r--s 00000000 08:05 4718661                    /var/cache/fontconfig/4c73fe0c47614734b17d736dbde7580a-le64.cache-3
7f4420026000-7f4420027000 r--s 00000000 08:05 4718654                    /var/cache/fontconfig/0d8c3b2ac0904cb8a57a757ad11a4a08-le64.cache-3
7f4420027000-7f4420028000 r--s 00000000 08:05 4718664                    /var/cache/fontconfig/6a53c69dea097a2d716e069445527da8-le64.cache-3
7f4420028000-7f442002e000 r--s 00000000 08:05 4718671                    /var/cache/fontconfig/a755afe4a08bf5b97852ceb7400b47bc-le64.cache-3
7f442002e000-7f4420037000 r--s 00000000 08:05 4718679                    /var/cache/fontconfig/6d41288fd70b0be22e8c3a91e032eec0-le64.cache-3
7f4420037000-7f4420047000 r--s 00000000 08:05 4718655                    /var/cache/fontconfig/0f34bcd4b6ee430af32735b75db7f02b-le64.cache-3
7f4420047000-7f4420057000 r--s 00000000 08:05 4718676                    /var/cache/fontconfig/d52a8644073d54c13679302ca1180695-le64.cache-3
7f4420057000-7f442005a000 ---p 00000000 00:00 0 
7f442005a000-7f4420158000 rw-p 00000000 00:00 0 
7f4420158000-7f4420191000 r-xp 00000000 08:05 1448199                    /usr/lib/jvm/java-6-openjdk/jre/lib/amd64/libfontmanager.so
7f4420191000-7f4420391000 ---p 00039000 08:05 1448199                    /usr/lib/jvm/java-6-openjdk/jre/lib/amd64/libfontmanager.so
7f4420391000-7f4420393000 r--p 00039000 08:05 1448199                    /usr/lib/jvm/java-6-openjdk/jre/lib/amd64/libfontmanager.so
7f4420393000-7f4420394000 rw-p 0003b000 08:05 1448199                    /usr/lib/jvm/java-6-openjdk/jre/lib/amd64/libfontmanager.so
7f4420394000-7f44203a3000 r-xp 00000000 08:05 1449540                    /usr/lib/x86_64-linux-gnu/libXi.so.6.1.0
7f44203a3000-7f44205a2000 ---p 0000f000 08:05 1449540                    /usr/lib/x86_64-linux-gnu/libXi.so.6.1.0
7f44205a2000-7f44205a3000 r--p 0000e000 08:05 1449540                    /usr/lib/x86_64-linux-gnu/libXi.so.6.1.0
7f44205a3000-7f44205a4000 rw-p 0000f000 08:05 1449540                    /usr/lib/x86_64-linux-gnu/libXi.so.6.1.0
7f44205a4000-7f44205a9000 r-xp 00000000 08:05 1444585                    /usr/lib/libXtst.so.6.1.0
7f44205a9000-7f44207a8000 ---p 00005000 08:05 1444585                    /usr/lib/libXtst.so.6.1.0
7f44207a8000-7f44207a9000 r--p 00004000 08:05 1444585                    /usr/lib/libXtst.so.6.1.0
7f44207a9000-7f44207aa000 rw-p 00005000 08:05 1444585                    /usr/lib/libXtst.so.6.1.0
7f44207aa000-7f44207b3000 r-xp 00000000 08:05 1449546                    /usr/lib/x86_64-linux-gnu/libXrender.so.1.3.0
7f44207b3000-7f44209b3000 ---p 00009000 08:05 1449546                    /usr/lib/x86_64-linux-gnu/libXrender.so.1.3.0
7f44209b3000-7f44209b4000 r--p 00009000 08:05 1449546                    /usr/lib/x86_64-linux-gnu/libXrender.so.1.3.0
7f44209b4000-7f44209b5000 rw-p 0000a000 08:05 1449546                    /usr/lib/x86_64-linux-gnu/libXrender.so.1.3.0
7f44209b5000-7f4420a00000 r-xp 00000000 08:05 1451562                    /usr/lib/jvm/java-6-openjdk/jre/lib/amd64/xawt/libmawt.so
7f4420a00000-7f4420c00000 ---p 0004b000 08:05 1451562                    /usr/lib/jvm/java-6-openjdk/jre/lib/amd64/xawt/libmawt.so
7f4420c00000-7f4420c01000 r--p 0004b000 08:05 1451562                    /usr/lib/jvm/java-6-openjdk/jre/lib/amd64/xawt/libmawt.so
7f4420c01000-7f4420c04000 rw-p 0004c000 08:05 1451562                    /usr/lib/jvm/java-6-openjdk/jre/lib/amd64/xawt/libmawt.so
7f4420c04000-7f4420c05000 rw-p 00000000 00:00 0 
7f4420c05000-7f4420cb1000 r-xp 00000000 08:05 1448209                    /usr/lib/jvm/java-6-openjdk/jre/lib/amd64/libawt.so
7f4420cb1000-7f4420eb0000 ---p 000ac000 08:05 1448209                    /usr/lib/jvm/java-6-openjdk/jre/lib/amd64/libawt.so
7f4420eb0000-7f4420eb1000 r--p 000ab000 08:05 1448209                    /usr/lib/jvm/java-6-openjdk/jre/lib/amd64/libawt.so
7f4420eb1000-7f4420ebc000 rw-p 000ac000 08:05 1448209                    /usr/lib/jvm/java-6-openjdk/jre/lib/amd64/libawt.so
7f4420ebc000-7f4420ee1000 rw-p 00000000 00:00 0 
7f4420ee1000-7f4420ee3000 r--s 00006000 08:05 922120                     /home/jasper/Documents/modestmaps/library/modestmaps.jar
7f4420ee3000-7f4420ee4000 r--s 00003000 08:05 1311781                    /home/jasper/Documents/processing-1.5.1/modes/java/libraries/opengl/library/opengl.jar
7f4420ee4000-7f4420eef000 r--s 00108000 08:05 1311782                    /home/jasper/Documents/processing-1.5.1/modes/java/libraries/opengl/library/jogl.jar
7f4420eef000-7f4420ef0000 r--s 00004000 08:05 1311783                    /home/jasper/Documents/processing-1.5.1/modes/java/libraries/opengl/library/gluegen-rt.jar
7f4420ef0000-7f4420ef2000 r--s 00013000 08:05 3804555                    /home/jasper/Documents/GLGraphics-1.0.0/GLGraphics/library/GLGraphics.jar
7f4420ef2000-7f4420ef4000 r--s 0002b000 08:05 919598                     /home/jasper/Documents/processing-1.5.1/lib/core.jar
7f4420ef4000-7f4420ef9000 r--s 00043000 08:05 921966                     /home/jasper/Documents/MongoDB/mongo-2.7.3.jar
7f4420ef9000-7f4420efb000 r--s 0000f000 08:05 1444359                    /usr/lib/jvm/java-6-openjdk/jre/lib/ext/pulse-java.jar
7f4420efb000-7f4420f03000 r--s 00066000 08:05 1842340                    /usr/share/java/gnome-java-bridge.jar
7f4420f03000-7f4420f04000 ---p 00000000 00:00 0 
7f4420f04000-7f4421004000 rw-p 00000000 00:00 0 
7f4421004000-7f4421007000 ---p 00000000 00:00 0 
7f4421007000-7f4421105000 rw-p 00000000 00:00 0 
7f4421105000-7f4421108000 ---p 00000000 00:00 0 
7f4421108000-7f4421206000 rw-p 00000000 00:00 0 
7f4421206000-7f4421209000 ---p 00000000 00:00 0 
7f4421209000-7f4421307000 rw-p 00000000 00:00 0 
7f4421307000-7f442130a000 ---p 00000000 00:00 0 
7f442130a000-7f4421408000 rw-p 00000000 00:00 0 
7f4421408000-7f4421aef000 r--p 00000000 08:05 1448368                    /usr/lib/locale/locale-archive
7f4421aef000-7f4421af2000 ---p 00000000 00:00 0 
7f4421af2000-7f4421bf0000 rw-p 00000000 00:00 0 
7f4421bf0000-7f4421bf3000 ---p 00000000 00:00 0 
7f4421bf3000-7f4421cf1000 rw-p 00000000 00:00 0 
7f4421cf1000-7f4421cf2000 ---p 00000000 00:00 0 
7f4421cf2000-7f442232a000 rw-p 00000000 00:00 0 
7f442232a000-7f44224ba000 r--s 037ba000 08:05 1448221                    /usr/lib/jvm/java-6-openjdk/jre/lib/rt.jar
7f44224ba000-7f44224bb000 ---p 00000000 00:00 0 
7f44224bb000-7f44225bb000 rw-p 00000000 00:00 0 
7f44225bb000-7f44225bc000 ---p 00000000 00:00 0 
7f44225bc000-7f44226bc000 rw-p 00000000 00:00 0 
7f44226bc000-7f44226bd000 ---p 00000000 00:00 0 
7f44226bd000-7f44227bd000 rw-p 00000000 00:00 0 
7f44227bd000-7f44227be000 ---p 00000000 00:00 0 
7f44227be000-7f4422924000 rw-p 00000000 00:00 0 
7f4422924000-7f44229fc000 rw-p 00000000 00:00 0 
7f44229fc000-7f4422a12000 rw-p 00000000 00:00 0 
7f4422a12000-7f4422a13000 ---p 00000000 00:00 0 
7f4422a13000-7f4422a4f000 rw-p 00000000 00:00 0 
7f4422a4f000-7f4422ab5000 rw-p 00000000 00:00 0 
7f4422ab5000-7f4422b8c000 rw-p 00000000 00:00 0 
7f4422b8c000-7f4422c16000 rw-p 00000000 00:00 0 
7f4422c16000-7f4422c2b000 rw-p 00000000 00:00 0 
7f4422c2b000-7f4422c36000 rw-p 00000000 00:00 0 
7f4422c36000-7f4422cec000 rw-p 00000000 00:00 0 
7f4422cec000-7f4422f5c000 rwxp 00000000 00:00 0 
7f4422f5c000-7f4425cec000 rw-p 00000000 00:00 0 
7f4425cec000-7f4425cf3000 r-xp 00000000 08:05 1448203                    /usr/lib/jvm/java-6-openjdk/jre/lib/amd64/libzip.so
7f4425cf3000-7f4425ef2000 ---p 00007000 08:05 1448203                    /usr/lib/jvm/java-6-openjdk/jre/lib/amd64/libzip.so
7f4425ef2000-7f4425ef3000 r--p 00006000 08:05 1448203                    /usr/lib/jvm/java-6-openjdk/jre/lib/amd64/libzip.so
7f4425ef3000-7f4425ef4000 rw-p 00007000 08:05 1448203                    /usr/lib/jvm/java-6-openjdk/jre/lib/amd64/libzip.so
7f4425ef4000-7f4425f00000 r-xp 00000000 08:05 132017                     /lib/x86_64-linux-gnu/libnss_files-2.13.so
7f4425f00000-7f44260ff000 ---p 0000c000 08:05 132017                     /lib/x86_64-linux-gnu/libnss_files-2.13.so
7f44260ff000-7f4426100000 r--p 0000b000 08:05 132017                     /lib/x86_64-linux-gnu/libnss_files-2.13.so
7f4426100000-7f4426101000 rw-p 0000c000 08:05 132017                     /lib/x86_64-linux-gnu/libnss_files-2.13.so
7f4426101000-7f442610b000 r-xp 00000000 08:05 132019                     /lib/x86_64-linux-gnu/libnss_nis-2.13.so
7f442610b000-7f442630b000 ---p 0000a000 08:05 132019                     /lib/x86_64-linux-gnu/libnss_nis-2.13.so
7f442630b000-7f442630c000 r--p 0000a000 08:05 132019                     /lib/x86_64-linux-gnu/libnss_nis-2.13.so
7f442630c000-7f442630d000 rw-p 0000b000 08:05 132019                     /lib/x86_64-linux-gnu/libnss_nis-2.13.so
7f442630d000-7f4426324000 r-xp 00000000 08:05 132013                     /lib/x86_64-linux-gnu/libnsl-2.13.so
7f4426324000-7f4426523000 ---p 00017000 08:05 132013                     /lib/x86_64-linux-gnu/libnsl-2.13.so
7f4426523000-7f4426524000 r--p 00016000 08:05 132013                     /lib/x86_64-linux-gnu/libnsl-2.13.so
7f4426524000-7f4426525000 rw-p 00017000 08:05 132013                     /lib/x86_64-linux-gnu/libnsl-2.13.so
7f4426525000-7f4426527000 rw-p 00000000 00:00 0 
7f4426527000-7f442652f000 r-xp 00000000 08:05 132015                     /lib/x86_64-linux-gnu/libnss_compat-2.13.so
7f442652f000-7f442672e000 ---p 00008000 08:05 132015                     /lib/x86_64-linux-gnu/libnss_compat-2.13.so
7f442672e000-7f442672f000 r--p 00007000 08:05 132015                     /lib/x86_64-linux-gnu/libnss_compat-2.13.so
7f442672f000-7f4426730000 rw-p 00008000 08:05 132015                     /lib/x86_64-linux-gnu/libnss_compat-2.13.so
7f4426730000-7f442675c000 r-xp 00000000 08:05 1448202                    /usr/lib/jvm/java-6-openjdk/jre/lib/amd64/libjava.so
7f442675c000-7f442695b000 ---p 0002c000 08:05 1448202                    /usr/lib/jvm/java-6-openjdk/jre/lib/amd64/libjava.so
7f442695b000-7f442695c000 r--p 0002b000 08:05 1448202                    /usr/lib/jvm/java-6-openjdk/jre/lib/amd64/libjava.so
7f442695c000-7f442695f000 rw-p 0002c000 08:05 1448202                    /usr/lib/jvm/java-6-openjdk/jre/lib/amd64/libjava.so
7f442695f000-7f442696d000 r-xp 00000000 08:05 1448188                    /usr/lib/jvm/java-6-openjdk/jre/lib/amd64/libverify.so
7f442696d000-7f4426b6c000 ---p 0000e000 08:05 1448188                    /usr/lib/jvm/java-6-openjdk/jre/lib/amd64/libverify.so
7f4426b6c000-7f4426b6e000 r--p 0000d000 08:05 1448188                    /usr/lib/jvm/java-6-openjdk/jre/lib/amd64/libverify.so
7f4426b6e000-7f4426b6f000 rw-p 0000f000 08:05 1448188                    /usr/lib/jvm/java-6-openjdk/jre/lib/amd64/libverify.so
7f4426b6f000-7f4426b76000 r-xp 00000000 08:05 135047                     /lib/x86_64-linux-gnu/librt-2.13.so
7f4426b76000-7f4426d75000 ---p 00007000 08:05 135047                     /lib/x86_64-linux-gnu/librt-2.13.so
7f4426d75000-7f4426d76000 r--p 00006000 08:05 135047                     /lib/x86_64-linux-gnu/librt-2.13.so
7f4426d76000-7f4426d77000 rw-p 00007000 08:05 135047                     /lib/x86_64-linux-gnu/librt-2.13.so
7f4426d77000-7f4426d8c000 r-xp 00000000 08:05 134889                     /lib/x86_64-linux-gnu/libgcc_s.so.1
7f4426d8c000-7f4426f8b000 ---p 00015000 08:05 134889                     /lib/x86_64-linux-gnu/libgcc_s.so.1
7f4426f8b000-7f4426f8c000 r--p 00014000 08:05 134889                     /lib/x86_64-linux-gnu/libgcc_s.so.1
7f4426f8c000-7f4426f8d000 rw-p 00015000 08:05 134889                     /lib/x86_64-linux-gnu/libgcc_s.so.1
7f4426f8d000-7f4427075000 r-xp 00000000 08:05 1449787                    /usr/lib/x86_64-linux-gnu/libstdc++.so.6.0.16
7f4427075000-7f4427275000 ---p 000e8000 08:05 1449787                    /usr/lib/x86_64-linux-gnu/libstdc++.so.6.0.16
7f4427275000-7f442727d000 r--p 000e8000 08:05 1449787                    /usr/lib/x86_64-linux-gnu/libstdc++.so.6.0.16
7f442727d000-7f442727f000 rw-p 000f0000 08:05 1449787                    /usr/lib/x86_64-linux-gnu/libstdc++.so.6.0.16
7f442727f000-7f4427294000 rw-p 00000000 00:00 0 
7f4427294000-7f4427b97000 r-xp 00000000 08:05 1448206                    /usr/lib/jvm/java-6-openjdk/jre/lib/amd64/server/libjvm.so
7f4427b97000-7f4427d96000 ---p 00903000 08:05 1448206                    /usr/lib/jvm/java-6-openjdk/jre/lib/amd64/server/libjvm.so
7f4427d96000-7f4427e17000 r--p 00902000 08:05 1448206                    /usr/lib/jvm/java-6-openjdk/jre/lib/amd64/server/libjvm.so
7f4427e17000-7f4427e32000 rw-p 00983000 08:05 1448206                    /usr/lib/jvm/java-6-openjdk/jre/lib/amd64/server/libjvm.so
7f4427e32000-7f4427e5b000 rw-p 00000000 00:00 0 
7f4427e5b000-7f4427e60000 r-xp 00000000 08:05 1449532                    /usr/lib/x86_64-linux-gnu/libXdmcp.so.6.0.0
7f4427e60000-7f442805f000 ---p 00005000 08:05 1449532                    /usr/lib/x86_64-linux-gnu/libXdmcp.so.6.0.0
7f442805f000-7f4428060000 r--p 00004000 08:05 1449532                    /usr/lib/x86_64-linux-gnu/libXdmcp.so.6.0.0
7f4428060000-7f4428061000 rw-p 00005000 08:05 1449532                    /usr/lib/x86_64-linux-gnu/libXdmcp.so.6.0.0
7f4428061000-7f4428063000 r-xp 00000000 08:05 1449524                    /usr/lib/x86_64-linux-gnu/libXau.so.6.0.0
7f4428063000-7f4428262000 ---p 00002000 08:05 1449524                    /usr/lib/x86_64-linux-gnu/libXau.so.6.0.0
7f4428262000-7f4428263000 r--p 00001000 08:05 1449524                    /usr/lib/x86_64-linux-gnu/libXau.so.6.0.0
7f4428263000-7f4428264000 rw-p 00002000 08:05 1449524                    /usr/lib/x86_64-linux-gnu/libXau.so.6.0.0
7f4428264000-7f442827f000 r-xp 00000000 08:05 1449820                    /usr/lib/x86_64-linux-gnu/libxcb.so.1.1.0
7f442827f000-7f442847e000 ---p 0001b000 08:05 1449820                    /usr/lib/x86_64-linux-gnu/libxcb.so.1.1.0
7f442847e000-7f442847f000 r--p 0001a000 08:05 1449820                    /usr/lib/x86_64-linux-gnu/libxcb.so.1.1.0
7f442847f000-7f4428480000 rw-p 0001b000 08:05 1449820                    /usr/lib/x86_64-linux-gnu/libxcb.so.1.1.0
7f4428480000-7f4429dbe000 r-xp 00000000 08:05 1444160                    /usr/lib/nvidia-current/libnvidia-glcore.so.295.53
7f4429dbe000-7f4429fbe000 ---p 0193e000 08:05 1444160                    /usr/lib/nvidia-current/libnvidia-glcore.so.295.53
7f4429fbe000-7f442a79f000 rwxp 0193e000 08:05 1444160                    /usr/lib/nvidia-current/libnvidia-glcore.so.295.53
7f442a79f000-7f442a7ba000 rwxp 00000000 00:00 0 
7f442a7ba000-7f442a7bd000 r-xp 00000000 08:05 1444165                    /usr/lib/nvidia-current/tls/libnvidia-tls.so.295.53
7f442a7bd000-7f442a9bc000 ---p 00003000 08:05 1444165                    /usr/lib/nvidia-current/tls/libnvidia-tls.so.295.53
7f442a9bc000-7f442a9bd000 rw-p 00002000 08:05 1444165                    /usr/lib/nvidia-current/tls/libnvidia-tls.so.295.53
7f442a9bd000-7f442a9d4000 r-xp 00000000 08:05 134951                     /lib/x86_64-linux-gnu/libz.so.1.2.3.4
7f442a9d4000-7f442abd3000 ---p 00017000 08:05 134951                     /lib/x86_64-linux-gnu/libz.so.1.2.3.4
7f442abd3000-7f442abd4000 r--p 00016000 08:05 134951                     /lib/x86_64-linux-gnu/libz.so.1.2.3.4
7f442abd4000-7f442abd5000 rw-p 00017000 08:05 134951                     /lib/x86_64-linux-gnu/libz.so.1.2.3.4
7f442abd5000-7f442ac58000 r-xp 00000000 08:05 132011                     /lib/x86_64-linux-gnu/libm-2.13.so
7f442ac58000-7f442ae57000 ---p 00083000 08:05 132011                     /lib/x86_64-linux-gnu/libm-2.13.so
7f442ae57000-7f442ae58000 r--p 00082000 08:05 132011                     /lib/x86_64-linux-gnu/libm-2.13.so
7f442ae58000-7f442ae59000 rw-p 00083000 08:05 132011                     /lib/x86_64-linux-gnu/libm-2.13.so
7f442ae59000-7f442ae6b000 r-xp 00000000 08:05 1449534                    /usr/lib/x86_64-linux-gnu/libXext.so.6.4.0
7f442ae6b000-7f442b06a000 ---p 00012000 08:05 1449534                    /usr/lib/x86_64-linux-gnu/libXext.so.6.4.0
7f442b06a000-7f442b06b000 r--p 00011000 08:05 1449534                    /usr/lib/x86_64-linux-gnu/libXext.so.6.4.0
7f442b06b000-7f442b06c000 rw-p 00012000 08:05 1449534                    /usr/lib/x86_64-linux-gnu/libXext.so.6.4.0
7f442b06c000-7f442b19f000 r-xp 00000000 08:05 1449522                    /usr/lib/x86_64-linux-gnu/libX11.so.6.3.0
7f442b19f000-7f442b39f000 ---p 00133000 08:05 1449522                    /usr/lib/x86_64-linux-gnu/libX11.so.6.3.0
7f442b39f000-7f442b3a0000 r--p 00133000 08:05 1449522                    /usr/lib/x86_64-linux-gnu/libX11.so.6.3.0
7f442b3a0000-7f442b3a4000 rw-p 00134000 08:05 1449522                    /usr/lib/x86_64-linux-gnu/libX11.so.6.3.0
7f442b3a4000-7f442b3a9000 r-xp 00000000 08:05 1449550                    /usr/lib/x86_64-linux-gnu/libXv.so.1.0.0
7f442b3a9000-7f442b5a8000 ---p 00005000 08:05 1449550                    /usr/lib/x86_64-linux-gnu/libXv.so.1.0.0
7f442b5a8000-7f442b5a9000 r--p 00004000 08:05 1449550                    /usr/lib/x86_64-linux-gnu/libXv.so.1.0.0
7f442b5a9000-7f442b5aa000 rw-p 00005000 08:05 1449550                    /usr/lib/x86_64-linux-gnu/libXv.so.1.0.0
7f442b5aa000-7f442b670000 r-xp 00000000 08:05 1444156                    /usr/lib/nvidia-current/libGL.so.295.53
7f442b670000-7f442b870000 ---p 000c6000 08:05 1444156                    /usr/lib/nvidia-current/libGL.so.295.53
7f442b870000-7f442b8ac000 rwxp 000c6000 08:05 1444156                    /usr/lib/nvidia-current/libGL.so.295.53
7f442b8ac000-7f442b8c2000 rwxp 00000000 00:00 0 
7f442b8c2000-7f442ba59000 r-xp 00000000 08:05 132007                     /lib/x86_64-linux-gnu/libc-2.13.so
7f442ba59000-7f442bc58000 ---p 00197000 08:05 132007                     /lib/x86_64-linux-gnu/libc-2.13.so
7f442bc58000-7f442bc5c000 r--p 00196000 08:05 132007                     /lib/x86_64-linux-gnu/libc-2.13.so
7f442bc5c000-7f442bc5d000 rw-p 0019a000 08:05 132007                     /lib/x86_64-linux-gnu/libc-2.13.so
7f442bc5d000-7f442bc63000 rw-p 00000000 00:00 0 
7f442bc63000-7f442bc65000 r-xp 00000000 08:05 132010                     /lib/x86_64-linux-gnu/libdl-2.13.so
7f442bc65000-7f442be65000 ---p 00002000 08:05 132010                     /lib/x86_64-linux-gnu/libdl-2.13.so
7f442be65000-7f442be66000 r--p 00002000 08:05 132010                     /lib/x86_64-linux-gnu/libdl-2.13.so
7f442be66000-7f442be67000 rw-p 00003000 08:05 132010                     /lib/x86_64-linux-gnu/libdl-2.13.so
7f442be67000-7f442be6b000 r-xp 00000000 08:05 1448186                    /usr/lib/jvm/java-6-openjdk/jre/lib/amd64/jli/libjli.so
7f442be6b000-7f442c06a000 ---p 00004000 08:05 1448186                    /usr/lib/jvm/java-6-openjdk/jre/lib/amd64/jli/libjli.so
7f442c06a000-7f442c06b000 r--p 00003000 08:05 1448186                    /usr/lib/jvm/java-6-openjdk/jre/lib/amd64/jli/libjli.so
7f442c06b000-7f442c06c000 rw-p 00004000 08:05 1448186                    /usr/lib/jvm/java-6-openjdk/jre/lib/amd64/jli/libjli.so
7f442c06c000-7f442c084000 r-xp 00000000 08:05 134940                     /lib/x86_64-linux-gnu/libpthread-2.13.so
7f442c084000-7f442c283000 ---p 00018000 08:05 134940                     /lib/x86_64-linux-gnu/libpthread-2.13.so
7f442c283000-7f442c284000 r--p 00017000 08:05 134940                     /lib/x86_64-linux-gnu/libpthread-2.13.so
7f442c284000-7f442c285000 rw-p 00018000 08:05 134940                     /lib/x86_64-linux-gnu/libpthread-2.13.so
7f442c285000-7f442c289000 rw-p 00000000 00:00 0 
7f442c289000-7f442c334000 r-xp 00000000 08:05 1453951                    /usr/lib/x86_64-linux-gnu/librrfaker.so
7f442c334000-7f442c534000 ---p 000ab000 08:05 1453951                    /usr/lib/x86_64-linux-gnu/librrfaker.so
7f442c534000-7f442c537000 r--p 000ab000 08:05 1453951                    /usr/lib/x86_64-linux-gnu/librrfaker.so
7f442c537000-7f442c539000 rw-p 000ae000 08:05 1453951                    /usr/lib/x86_64-linux-gnu/librrfaker.so
7f442c539000-7f442c57c000 rw-p 00000000 00:00 0 
7f442c57c000-7f442c57d000 r-xp 00000000 08:05 1453952                    /usr/lib/x86_64-linux-gnu/libdlfaker.so
7f442c57d000-7f442c77c000 ---p 00001000 08:05 1453952                    /usr/lib/x86_64-linux-gnu/libdlfaker.so
7f442c77c000-7f442c77d000 r--p 00000000 08:05 1453952                    /usr/lib/x86_64-linux-gnu/libdlfaker.so
7f442c77d000-7f442c77e000 rw-p 00001000 08:05 1453952                    /usr/lib/x86_64-linux-gnu/libdlfaker.so
7f442c77e000-7f442c79f000 r-xp 00000000 08:05 131990                     /lib/x86_64-linux-gnu/ld-2.13.so
7f442c79f000-7f442c7a2000 r--s 00000000 08:05 4726305                    /var/cache/fontconfig/e13b20fdb08344e0e664864cc2ede53d-le64.cache-3
7f442c7a2000-7f442c7a6000 r--s 00000000 08:05 4718668                    /var/cache/fontconfig/7ef2298fde41cc6eeb7af42e48b7d293-le64.cache-3
7f442c7a6000-7f442c7a9000 r--s 00000000 08:05 4718677                    /var/cache/fontconfig/d60319d88cac85ba9e1a07bd06cfbb8c-le64.cache-3
7f442c7a9000-7f442c7ca000 rw-s 00000000 00:04 99155982                   /SYSV00000000 (deleted)
7f442c7ca000-7f442c808000 rw-p 00000000 00:00 0 
7f442c808000-7f442c809000 ---p 00000000 00:00 0 
7f442c809000-7f442c845000 rw-p 00000000 00:00 0 
7f442c845000-7f442c848000 ---p 00000000 00:00 0 
7f442c848000-7f442c989000 rw-p 00000000 00:00 0 
7f442c989000-7f442c98a000 r--s 00000000 08:05 4725188                    /var/cache/fontconfig/4794a0821666d79190d59a36cb4f44b5-le64.cache-3
7f442c98a000-7f442c98b000 r--s 00000000 08:05 4725188                    /var/cache/fontconfig/4794a0821666d79190d59a36cb4f44b5-le64.cache-3
7f442c98b000-7f442c98e000 r--s 00000000 08:05 4726305                    /var/cache/fontconfig/e13b20fdb08344e0e664864cc2ede53d-le64.cache-3
7f442c98e000-7f442c992000 r--s 00000000 08:05 4718668                    /var/cache/fontconfig/7ef2298fde41cc6eeb7af42e48b7d293-le64.cache-3
7f442c992000-7f442c99a000 rw-s 00000000 08:05 2238110                    /tmp/hsperfdata_jasper/8068
7f442c99a000-7f442c99b000 rw-p 00000000 00:00 0 
7f442c99b000-7f442c99c000 r--p 00000000 00:00 0 
7f442c99c000-7f442c99e000 rw-p 00000000 00:00 0 
7f442c99e000-7f442c99f000 r--p 00020000 08:05 131990                     /lib/x86_64-linux-gnu/ld-2.13.so
7f442c99f000-7f442c9a1000 rw-p 00021000 08:05 131990                     /lib/x86_64-linux-gnu/ld-2.13.so
7fffe2325000-7fffe2346000 rw-p 00000000 00:00 0                          [stack]
7fffe23ff000-7fffe2400000 r-xp 00000000 00:00 0                          [vdso]
ffffffffff600000-ffffffffff601000 r-xp 00000000 00:00 0                  [vsyscall]

VM Arguments:
jvm_args: -Dfile.encoding=UTF-8 -Djava.library.path=/home/jasper/Documents/processing-1.5.1/modes/java/libraries/opengl/library/linux64/ 
java_command: be.kuleuven.socialmap.main.Main
Launcher Type: SUN_STANDARD

Environment Variables:
PATH=/usr/lib/lightdm/lightdm:/usr/local/sbin:/usr/local/bin:/usr/sbin:/usr/bin:/sbin:/bin:/usr/games:/home/jasper/netbeans-7.1.1/bin
USERNAME=jasper
LD_LIBRARY_PATH=/usr/lib/jvm/java-6-openjdk/jre/lib/amd64/server:/usr/lib/jvm/java-6-openjdk/jre/lib/amd64:/usr/lib/jvm/java-6-openjdk/jre/../lib/amd64:/usr/lib/nvidia-current:/usr/lib32/nvidia-current:
LD_PRELOAD=libdlfaker.so:librrfaker.so
SHELL=/bin/bash
DISPLAY=:0.0

Signal Handlers:
SIGSEGV: [libjvm.so+0x783e60], sa_mask[0]=0x7ffbfeff, sa_flags=0x10000004
SIGBUS: [libjvm.so+0x783e60], sa_mask[0]=0x7ffbfeff, sa_flags=0x10000004
SIGFPE: [libjvm.so+0x6485c0], sa_mask[0]=0x7ffbfeff, sa_flags=0x10000004
SIGPIPE: SIG_IGN, sa_mask[0]=0x00001000, sa_flags=0x10000000
SIGXFSZ: [libjvm.so+0x6485c0], sa_mask[0]=0x7ffbfeff, sa_flags=0x10000004
SIGILL: [libjvm.so+0x6485c0], sa_mask[0]=0x7ffbfeff, sa_flags=0x10000004
SIGUSR1: SIG_DFL, sa_mask[0]=0x00000000, sa_flags=0x00000000
SIGUSR2: [libjvm.so+0x648770], sa_mask[0]=0x00000004, sa_flags=0x10000004
SIGHUP: [libjvm.so+0x64b280], sa_mask[0]=0x7ffbfeff, sa_flags=0x10000004
SIGINT: SIG_IGN, sa_mask[0]=0x00000000, sa_flags=0x00000000
SIGTERM: [libjvm.so+0x64b280], sa_mask[0]=0x7ffbfeff, sa_flags=0x10000004
SIGQUIT: [libjvm.so+0x64b280], sa_mask[0]=0x7ffbfeff, sa_flags=0x10000004


---------------  S Y S T E M  ---------------

OS:Ubuntu 11.10 (oneiric)
uname:Linux 3.0.0-20-generic #34-Ubuntu SMP Tue May 1 17:24:39 UTC 2012 x86_64
libc:glibc 2.13 NPTL 2.13 
rlimit: STACK 8192k, CORE 0k, NPROC 30292, NOFILE 4096, AS infinity
load average:0,09 0,13 0,18

/proc/meminfo:
MemTotal:        3895292 kB
MemFree:          426676 kB
Buffers:           24028 kB
Cached:           805800 kB
SwapCached:         2232 kB
Active:          2255704 kB
Inactive:         938688 kB
Active(anon):    1966240 kB
Inactive(anon):   650352 kB
Active(file):     289464 kB
Inactive(file):   288336 kB
Unevictable:          16 kB
Mlocked:              16 kB
SwapTotal:       4028412 kB
SwapFree:        4009880 kB
Dirty:               140 kB
Writeback:             0 kB
AnonPages:       2362692 kB
Mapped:           301720 kB
Shmem:            251732 kB
Slab:             124528 kB
SReclaimable:      92816 kB
SUnreclaim:        31712 kB
KernelStack:        3920 kB
PageTables:        36972 kB
NFS_Unstable:          0 kB
Bounce:                0 kB
WritebackTmp:          0 kB
CommitLimit:     5976056 kB
Committed_AS:    5019512 kB
VmallocTotal:   34359738367 kB
VmallocUsed:      407272 kB
VmallocChunk:   34359324616 kB
HardwareCorrupted:     0 kB
AnonHugePages:         0 kB
HugePages_Total:       0
HugePages_Free:        0
HugePages_Rsvd:        0
HugePages_Surp:        0
Hugepagesize:       2048 kB
DirectMap4k:      172032 kB
DirectMap2M:     3872768 kB


CPU:total 4 (2 cores per cpu, 2 threads per core) family 6 model 42 stepping 7, cmov, cx8, fxsr, mmx, sse, sse2, sse3, ssse3, sse4.1, sse4.2, popcnt, ht

Memory: 4k page, physical 3895292k(426676k free), swap 4028412k(4009880k free)

vm_info: OpenJDK 64-Bit Server VM (20.0-b11) for linux-amd64 JRE (1.6.0_23-b23), built on Feb 23 2012 05:39:46 by "buildd" with gcc 4.6.1

time: Wed May 30 15:48:35 2012
elapsed time: 26 seconds

